<?xml version="1.0" encoding="utf-8"?>
<CoverageSession>
  <Summary numSequencePoints="2904" visitedSequencePoints="1449" numBranchPoints="864" visitedBranchPoints="340" sequenceCoverage="49.89" branchCoverage="39.35" maxCyclomaticComplexity="1024" minCyclomaticComplexity="72" visitedClasses="53" numClasses="66" visitedMethods="238" numMethods="385" />
  <Modules>
    <Module hash="9E9E53BC-FDCD-4C90-B928-A16B78775AC9">
      <ModulePath>Fluorite.Strainer.AspNetCore.dll</ModulePath>
      <ModuleTime>2021-10-05T09:33:29</ModuleTime>
      <ModuleName>Fluorite.Strainer.AspNetCore</ModuleName>
      <Files>
        <File uid="1" fullPath="C:\Users\Piotr\Documents\Visual Studio 2019\Projects\fluorite\strainer\src\Strainer.AspNetCore\Services\AspNetCoreSingletonStrainerOptionsProvider.cs" />
        <File uid="2" fullPath="C:\Users\Piotr\Documents\Visual Studio 2019\Projects\fluorite\strainer\src\Strainer.AspNetCore\Services\AspNetCoreStrainerOptionsProvider.cs" />
        <File uid="3" fullPath="C:\Users\Piotr\Documents\Visual Studio 2019\Projects\fluorite\strainer\src\Strainer.AspNetCore\Extensions\DependencyInjection\StrainerBuilder.cs" />
        <File uid="4" fullPath="C:\Users\Piotr\Documents\Visual Studio 2019\Projects\fluorite\strainer\src\Strainer.AspNetCore\Extensions\DependencyInjection\StrainerServiceCollectionExtensions.cs" />
      </Files>
      <Classes>
        <Class>
          <Summary numSequencePoints="5" visitedSequencePoints="0" numBranchPoints="2" visitedBranchPoints="0" sequenceCoverage="0" branchCoverage="0" maxCyclomaticComplexity="2" minCyclomaticComplexity="1" visitedClasses="0" numClasses="1" visitedMethods="0" numMethods="2" />
          <FullName>Fluorite.Strainer.AspNetCore.Services.AspNetCoreSingletonStrainerOptionsProvider</FullName>
          <Methods>
            <Method cyclomaticComplexity="1" nPathComplexity="1" sequenceCoverage="0" branchCoverage="100" isConstructor="False" isGetter="False" isSetter="False" isStatic="True">
              <Summary numSequencePoints="1" visitedSequencePoints="0" numBranchPoints="0" visitedBranchPoints="0" sequenceCoverage="0" branchCoverage="100" maxCyclomaticComplexity="1" minCyclomaticComplexity="1" visitedClasses="0" numClasses="0" visitedMethods="0" numMethods="1" />
              <MetadataToken />
              <Name>Fluorite.Strainer.Models.StrainerOptions Fluorite.Strainer.AspNetCore.Services.AspNetCoreSingletonStrainerOptionsProvider::GetStrainerOptions()</Name>
              <FileRef uid="1" />
              <SequencePoints>
                <SequencePoint vc="0" uspid="37" ordinal="0" sl="37" sc="1" el="37" ec="2" bec="0" bev="0" fileid="1" />
              </SequencePoints>
              <BranchPoints />
              <MethodPoint vc="0" uspid="0" p8:type="SequencePoint" ordinal="0" offset="0" sc="0" sl="37" ec="1" el="37" bec="0" bev="0" fileid="1" xmlns:p8="xsi" />
            </Method>
            <Method cyclomaticComplexity="2" nPathComplexity="2" sequenceCoverage="0" branchCoverage="0" isConstructor="True" isGetter="False" isSetter="False" isStatic="True">
              <Summary numSequencePoints="4" visitedSequencePoints="0" numBranchPoints="2" visitedBranchPoints="0" sequenceCoverage="0" branchCoverage="0" maxCyclomaticComplexity="2" minCyclomaticComplexity="2" visitedClasses="0" numClasses="0" visitedMethods="0" numMethods="1" />
              <MetadataToken />
              <Name>System.Void Fluorite.Strainer.AspNetCore.Services.AspNetCoreSingletonStrainerOptionsProvider::.ctor(Microsoft.Extensions.Options.IOptionsMonitor`1&lt;Fluorite.Strainer.Models.StrainerOptions&gt;)</Name>
              <FileRef uid="1" />
              <SequencePoints>
                <SequencePoint vc="0" uspid="26" ordinal="0" sl="26" sc="1" el="26" ec="2" bec="0" bev="0" fileid="1" />
                <SequencePoint vc="0" uspid="27" ordinal="1" sl="27" sc="1" el="27" ec="2" bec="0" bev="0" fileid="1" />
                <SequencePoint vc="0" uspid="28" ordinal="2" sl="28" sc="1" el="28" ec="2" bec="2" bev="0" fileid="1" />
                <SequencePoint vc="0" uspid="29" ordinal="3" sl="29" sc="1" el="29" ec="2" bec="0" bev="0" fileid="1" />
              </SequencePoints>
              <BranchPoints>
                <BranchPoint vc="0" uspid="28" ordinal="0" path="0" offset="11" offsetend="13" sl="28" fileid="1" />
                <BranchPoint vc="0" uspid="28" ordinal="1" path="1" offset="11" offsetend="25" sl="28" fileid="1" />
              </BranchPoints>
              <MethodPoint vc="0" uspid="0" p8:type="SequencePoint" ordinal="1" offset="1" sc="0" sl="26" ec="1" el="29" bec="0" bev="0" fileid="1" xmlns:p8="xsi" />
            </Method>
          </Methods>
        </Class>
        <Class>
          <Summary numSequencePoints="5" visitedSequencePoints="5" numBranchPoints="2" visitedBranchPoints="1" sequenceCoverage="100" branchCoverage="50" maxCyclomaticComplexity="2" minCyclomaticComplexity="1" visitedClasses="1" numClasses="1" visitedMethods="2" numMethods="2" />
          <FullName>Fluorite.Strainer.AspNetCore.Services.AspNetCoreStrainerOptionsProvider</FullName>
          <Methods>
            <Method cyclomaticComplexity="1" nPathComplexity="1" sequenceCoverage="100" branchCoverage="100" isConstructor="False" isGetter="False" isSetter="False" isStatic="True">
              <Summary numSequencePoints="1" visitedSequencePoints="1" numBranchPoints="0" visitedBranchPoints="0" sequenceCoverage="100" branchCoverage="100" maxCyclomaticComplexity="1" minCyclomaticComplexity="1" visitedClasses="0" numClasses="0" visitedMethods="1" numMethods="1" />
              <MetadataToken />
              <Name>Fluorite.Strainer.Models.StrainerOptions Fluorite.Strainer.AspNetCore.Services.AspNetCoreStrainerOptionsProvider::GetStrainerOptions()</Name>
              <FileRef uid="2" />
              <SequencePoints>
                <SequencePoint vc="17" uspid="37" ordinal="0" sl="37" sc="1" el="37" ec="2" bec="0" bev="0" fileid="2" />
              </SequencePoints>
              <BranchPoints />
              <MethodPoint vc="1" uspid="0" p8:type="SequencePoint" ordinal="0" offset="0" sc="0" sl="37" ec="1" el="37" bec="0" bev="0" fileid="2" xmlns:p8="xsi" />
            </Method>
            <Method cyclomaticComplexity="2" nPathComplexity="2" sequenceCoverage="100" branchCoverage="50" isConstructor="True" isGetter="False" isSetter="False" isStatic="True">
              <Summary numSequencePoints="4" visitedSequencePoints="4" numBranchPoints="2" visitedBranchPoints="1" sequenceCoverage="100" branchCoverage="50" maxCyclomaticComplexity="2" minCyclomaticComplexity="2" visitedClasses="0" numClasses="0" visitedMethods="1" numMethods="1" />
              <MetadataToken />
              <Name>System.Void Fluorite.Strainer.AspNetCore.Services.AspNetCoreStrainerOptionsProvider::.ctor(Microsoft.Extensions.Options.IOptionsSnapshot`1&lt;Fluorite.Strainer.Models.StrainerOptions&gt;)</Name>
              <FileRef uid="2" />
              <SequencePoints>
                <SequencePoint vc="10" uspid="26" ordinal="0" sl="26" sc="1" el="26" ec="2" bec="0" bev="0" fileid="2" />
                <SequencePoint vc="10" uspid="27" ordinal="1" sl="27" sc="1" el="27" ec="2" bec="0" bev="0" fileid="2" />
                <SequencePoint vc="10" uspid="28" ordinal="2" sl="28" sc="1" el="28" ec="2" bec="2" bev="1" fileid="2" />
                <SequencePoint vc="10" uspid="29" ordinal="3" sl="29" sc="1" el="29" ec="2" bec="0" bev="0" fileid="2" />
              </SequencePoints>
              <BranchPoints>
                <BranchPoint vc="0" uspid="28" ordinal="0" path="0" offset="11" offsetend="13" sl="28" fileid="2" />
                <BranchPoint vc="10" uspid="28" ordinal="1" path="1" offset="11" offsetend="25" sl="28" fileid="2" />
              </BranchPoints>
              <MethodPoint vc="4" uspid="0" p8:type="SequencePoint" ordinal="1" offset="1" sc="0" sl="26" ec="1" el="29" bec="0" bev="0" fileid="2" xmlns:p8="xsi" />
            </Method>
          </Methods>
        </Class>
        <Class>
          <Summary numSequencePoints="7" visitedSequencePoints="5" numBranchPoints="2" visitedBranchPoints="1" sequenceCoverage="71.42" branchCoverage="50" maxCyclomaticComplexity="2" minCyclomaticComplexity="1" visitedClasses="1" numClasses="1" visitedMethods="1" numMethods="3" />
          <FullName>Fluorite.Extensions.DependencyInjection.StrainerBuilder</FullName>
          <Methods>
            <Method cyclomaticComplexity="1" nPathComplexity="1" sequenceCoverage="0" branchCoverage="100" isConstructor="False" isGetter="True" isSetter="False" isStatic="True">
              <Summary numSequencePoints="1" visitedSequencePoints="0" numBranchPoints="0" visitedBranchPoints="0" sequenceCoverage="0" branchCoverage="100" maxCyclomaticComplexity="1" minCyclomaticComplexity="1" visitedClasses="0" numClasses="0" visitedMethods="0" numMethods="1" />
              <MetadataToken />
              <Name>Microsoft.Extensions.DependencyInjection.ServiceLifetime Fluorite.Extensions.DependencyInjection.StrainerBuilder::get_ServiceLifetime()</Name>
              <FileRef uid="3" />
              <SequencePoints>
                <SequencePoint vc="0" uspid="33" ordinal="0" sl="33" sc="1" el="33" ec="2" bec="0" bev="0" fileid="3" />
              </SequencePoints>
              <BranchPoints />
              <MethodPoint vc="0" uspid="0" p8:type="SequencePoint" ordinal="0" offset="0" sc="0" sl="33" ec="1" el="33" bec="0" bev="0" fileid="3" xmlns:p8="xsi" />
            </Method>
            <Method cyclomaticComplexity="1" nPathComplexity="1" sequenceCoverage="0" branchCoverage="100" isConstructor="False" isGetter="True" isSetter="False" isStatic="True">
              <Summary numSequencePoints="1" visitedSequencePoints="0" numBranchPoints="0" visitedBranchPoints="0" sequenceCoverage="0" branchCoverage="100" maxCyclomaticComplexity="1" minCyclomaticComplexity="1" visitedClasses="0" numClasses="0" visitedMethods="0" numMethods="1" />
              <MetadataToken />
              <Name>Microsoft.Extensions.DependencyInjection.IServiceCollection Fluorite.Extensions.DependencyInjection.StrainerBuilder::get_Services()</Name>
              <FileRef uid="3" />
              <SequencePoints>
                <SequencePoint vc="0" uspid="38" ordinal="0" sl="38" sc="1" el="38" ec="2" bec="0" bev="0" fileid="3" />
              </SequencePoints>
              <BranchPoints />
              <MethodPoint vc="0" uspid="0" p8:type="SequencePoint" ordinal="1" offset="1" sc="0" sl="38" ec="1" el="38" bec="0" bev="0" fileid="3" xmlns:p8="xsi" />
            </Method>
            <Method cyclomaticComplexity="2" nPathComplexity="2" sequenceCoverage="100" branchCoverage="50" isConstructor="True" isGetter="False" isSetter="False" isStatic="True">
              <Summary numSequencePoints="5" visitedSequencePoints="5" numBranchPoints="2" visitedBranchPoints="1" sequenceCoverage="100" branchCoverage="50" maxCyclomaticComplexity="2" minCyclomaticComplexity="2" visitedClasses="0" numClasses="0" visitedMethods="1" numMethods="1" />
              <MetadataToken />
              <Name>System.Void Fluorite.Extensions.DependencyInjection.StrainerBuilder::.ctor(Microsoft.Extensions.DependencyInjection.IServiceCollection,Microsoft.Extensions.DependencyInjection.ServiceLifetime)</Name>
              <FileRef uid="3" />
              <SequencePoints>
                <SequencePoint vc="13" uspid="24" ordinal="0" sl="24" sc="1" el="24" ec="2" bec="0" bev="0" fileid="3" />
                <SequencePoint vc="13" uspid="25" ordinal="1" sl="25" sc="1" el="25" ec="2" bec="0" bev="0" fileid="3" />
                <SequencePoint vc="13" uspid="26" ordinal="2" sl="26" sc="1" el="26" ec="2" bec="2" bev="1" fileid="3" />
                <SequencePoint vc="13" uspid="27" ordinal="3" sl="27" sc="1" el="27" ec="2" bec="0" bev="0" fileid="3" />
                <SequencePoint vc="13" uspid="28" ordinal="4" sl="28" sc="1" el="28" ec="2" bec="0" bev="0" fileid="3" />
              </SequencePoints>
              <BranchPoints>
                <BranchPoint vc="0" uspid="26" ordinal="0" path="0" offset="11" offsetend="13" sl="26" fileid="3" />
                <BranchPoint vc="13" uspid="26" ordinal="1" path="1" offset="11" offsetend="25" sl="26" fileid="3" />
              </BranchPoints>
              <MethodPoint vc="5" uspid="0" p8:type="SequencePoint" ordinal="2" offset="2" sc="0" sl="24" ec="1" el="28" bec="0" bev="0" fileid="3" xmlns:p8="xsi" />
            </Method>
          </Methods>
        </Class>
        <Class>
          <Summary numSequencePoints="259" visitedSequencePoints="179" numBranchPoints="60" visitedBranchPoints="28" sequenceCoverage="69.11" branchCoverage="46.66" maxCyclomaticComplexity="10" minCyclomaticComplexity="1" visitedClasses="1" numClasses="1" visitedMethods="11" numMethods="15" />
          <FullName>Fluorite.Extensions.DependencyInjection.StrainerServiceCollectionExtensions</FullName>
          <Methods>
            <Method cyclomaticComplexity="2" nPathComplexity="2" sequenceCoverage="66.66" branchCoverage="50" isConstructor="False" isGetter="False" isSetter="False" isStatic="True">
              <Summary numSequencePoints="6" visitedSequencePoints="4" numBranchPoints="2" visitedBranchPoints="1" sequenceCoverage="66.66" branchCoverage="50" maxCyclomaticComplexity="2" minCyclomaticComplexity="2" visitedClasses="0" numClasses="0" visitedMethods="1" numMethods="1" />
              <MetadataToken />
              <Name>Fluorite.Extensions.DependencyInjection.IStrainerBuilder Fluorite.Extensions.DependencyInjection.StrainerServiceCollectionExtensions::AddStrainer(Microsoft.Extensions.DependencyInjection.IServiceCollection,Microsoft.Extensions.DependencyInjection.ServiceLifetime)</Name>
              <FileRef uid="4" />
              <SequencePoints>
                <SequencePoint vc="7" uspid="55" ordinal="0" sl="55" sc="1" el="55" ec="2" bec="0" bev="0" fileid="4" />
                <SequencePoint vc="7" uspid="56" ordinal="1" sl="56" sc="1" el="56" ec="2" bec="2" bev="1" fileid="4" />
                <SequencePoint vc="0" uspid="57" ordinal="2" sl="57" sc="1" el="57" ec="2" bec="0" bev="0" fileid="4" />
                <SequencePoint vc="0" uspid="58" ordinal="3" sl="58" sc="1" el="58" ec="2" bec="0" bev="0" fileid="4" />
                <SequencePoint vc="7" uspid="61" ordinal="4" sl="61" sc="1" el="61" ec="2" bec="0" bev="0" fileid="4" />
                <SequencePoint vc="7" uspid="62" ordinal="5" sl="62" sc="1" el="62" ec="2" bec="0" bev="0" fileid="4" />
              </SequencePoints>
              <BranchPoints>
                <BranchPoint vc="0" uspid="56" ordinal="0" path="0" offset="7" offsetend="9" sl="56" fileid="4" />
                <BranchPoint vc="7" uspid="56" ordinal="1" path="1" offset="7" offsetend="21" sl="56" fileid="4" />
              </BranchPoints>
              <MethodPoint vc="4" uspid="0" p8:type="SequencePoint" ordinal="0" offset="0" sc="0" sl="55" ec="1" el="62" bec="0" bev="0" fileid="4" xmlns:p8="xsi" />
            </Method>
            <Method cyclomaticComplexity="4" nPathComplexity="4" sequenceCoverage="0" branchCoverage="0" isConstructor="False" isGetter="False" isSetter="False" isStatic="True">
              <Summary numSequencePoints="10" visitedSequencePoints="0" numBranchPoints="4" visitedBranchPoints="0" sequenceCoverage="0" branchCoverage="0" maxCyclomaticComplexity="4" minCyclomaticComplexity="4" visitedClasses="0" numClasses="0" visitedMethods="0" numMethods="1" />
              <MetadataToken />
              <Name>Fluorite.Extensions.DependencyInjection.IStrainerBuilder Fluorite.Extensions.DependencyInjection.StrainerServiceCollectionExtensions::AddStrainer(Microsoft.Extensions.DependencyInjection.IServiceCollection,System.Collections.Generic.IReadOnlyCollection`1&lt;System.Reflection.Assembly&gt;,Microsoft.Extensions.DependencyInjection.ServiceLifetime)</Name>
              <FileRef uid="4" />
              <SequencePoints>
                <SequencePoint vc="0" uspid="99" ordinal="0" sl="99" sc="1" el="99" ec="2" bec="0" bev="0" fileid="4" />
                <SequencePoint vc="0" uspid="100" ordinal="1" sl="100" sc="1" el="100" ec="2" bec="2" bev="0" fileid="4" />
                <SequencePoint vc="0" uspid="101" ordinal="2" sl="101" sc="1" el="101" ec="2" bec="0" bev="0" fileid="4" />
                <SequencePoint vc="0" uspid="102" ordinal="3" sl="102" sc="1" el="102" ec="2" bec="0" bev="0" fileid="4" />
                <SequencePoint vc="0" uspid="105" ordinal="4" sl="105" sc="1" el="105" ec="2" bec="2" bev="0" fileid="4" />
                <SequencePoint vc="0" uspid="106" ordinal="5" sl="106" sc="1" el="106" ec="2" bec="0" bev="0" fileid="4" />
                <SequencePoint vc="0" uspid="107" ordinal="6" sl="107" sc="1" el="107" ec="2" bec="0" bev="0" fileid="4" />
                <SequencePoint vc="0" uspid="110" ordinal="7" sl="110" sc="1" el="110" ec="2" bec="0" bev="0" fileid="4" />
                <SequencePoint vc="0" uspid="112" ordinal="8" sl="112" sc="1" el="112" ec="2" bec="0" bev="0" fileid="4" />
                <SequencePoint vc="0" uspid="113" ordinal="9" sl="113" sc="1" el="113" ec="2" bec="0" bev="0" fileid="4" />
              </SequencePoints>
              <BranchPoints>
                <BranchPoint vc="0" uspid="100" ordinal="0" path="0" offset="7" offsetend="9" sl="100" fileid="4" />
                <BranchPoint vc="0" uspid="100" ordinal="1" path="1" offset="7" offsetend="21" sl="100" fileid="4" />
                <BranchPoint vc="0" uspid="105" ordinal="2" path="0" offset="27" offsetend="29" sl="105" fileid="4" />
                <BranchPoint vc="0" uspid="105" ordinal="3" path="1" offset="27" offsetend="41" sl="105" fileid="4" />
              </BranchPoints>
              <MethodPoint vc="0" uspid="0" p8:type="SequencePoint" ordinal="1" offset="1" sc="0" sl="99" ec="1" el="113" bec="0" bev="0" fileid="4" xmlns:p8="xsi" />
            </Method>
            <Method cyclomaticComplexity="10" nPathComplexity="10" sequenceCoverage="86.88" branchCoverage="70" isConstructor="False" isGetter="False" isSetter="False" isStatic="True">
              <Summary numSequencePoints="61" visitedSequencePoints="53" numBranchPoints="10" visitedBranchPoints="7" sequenceCoverage="86.88" branchCoverage="70" maxCyclomaticComplexity="10" minCyclomaticComplexity="10" visitedClasses="0" numClasses="0" visitedMethods="1" numMethods="1" />
              <MetadataToken />
              <Name>Fluorite.Extensions.DependencyInjection.IStrainerBuilder Fluorite.Extensions.DependencyInjection.StrainerServiceCollectionExtensions::AddStrainer(Microsoft.Extensions.DependencyInjection.IServiceCollection,System.Collections.Generic.IReadOnlyCollection`1&lt;System.Type&gt;,Microsoft.Extensions.DependencyInjection.ServiceLifetime)</Name>
              <FileRef uid="4" />
              <SequencePoints>
                <SequencePoint vc="13" uspid="146" ordinal="0" sl="146" sc="1" el="146" ec="2" bec="0" bev="0" fileid="4" />
                <SequencePoint vc="13" uspid="147" ordinal="1" sl="147" sc="1" el="147" ec="2" bec="2" bev="1" fileid="4" />
                <SequencePoint vc="0" uspid="148" ordinal="2" sl="148" sc="1" el="148" ec="2" bec="0" bev="0" fileid="4" />
                <SequencePoint vc="0" uspid="149" ordinal="3" sl="149" sc="1" el="149" ec="2" bec="0" bev="0" fileid="4" />
                <SequencePoint vc="13" uspid="152" ordinal="4" sl="152" sc="1" el="152" ec="2" bec="2" bev="1" fileid="4" />
                <SequencePoint vc="0" uspid="153" ordinal="5" sl="153" sc="1" el="153" ec="2" bec="0" bev="0" fileid="4" />
                <SequencePoint vc="0" uspid="154" ordinal="6" sl="154" sc="1" el="154" ec="2" bec="0" bev="0" fileid="4" />
                <SequencePoint vc="26" uspid="157" ordinal="7" sl="157" sc="1" el="157" ec="2" bec="2" bev="1" fileid="4" />
                <SequencePoint vc="0" uspid="158" ordinal="8" sl="158" sc="1" el="158" ec="2" bec="0" bev="0" fileid="4" />
                <SequencePoint vc="0" uspid="159" ordinal="9" sl="159" sc="1" el="159" ec="2" bec="0" bev="0" fileid="4" />
                <SequencePoint vc="0" uspid="160" ordinal="10" sl="160" sc="1" el="160" ec="2" bec="0" bev="0" fileid="4" />
                <SequencePoint vc="0" uspid="161" ordinal="11" sl="161" sc="1" el="161" ec="2" bec="0" bev="0" fileid="4" />
                <SequencePoint vc="13" uspid="165" ordinal="12" sl="165" sc="1" el="165" ec="2" bec="2" bev="2" fileid="4" />
                <SequencePoint vc="13" uspid="166" ordinal="13" sl="166" sc="1" el="166" ec="2" bec="0" bev="0" fileid="4" />
                <SequencePoint vc="13" uspid="167" ordinal="14" sl="167" sc="1" el="167" ec="2" bec="0" bev="0" fileid="4" />
                <SequencePoint vc="13" uspid="168" ordinal="15" sl="168" sc="1" el="168" ec="2" bec="0" bev="0" fileid="4" />
                <SequencePoint vc="13" uspid="170" ordinal="16" sl="170" sc="1" el="170" ec="2" bec="2" bev="2" fileid="4" />
                <SequencePoint vc="1" uspid="171" ordinal="17" sl="171" sc="1" el="171" ec="2" bec="0" bev="0" fileid="4" />
                <SequencePoint vc="1" uspid="172" ordinal="18" sl="172" sc="1" el="172" ec="2" bec="0" bev="0" fileid="4" />
                <SequencePoint vc="1" uspid="173" ordinal="19" sl="173" sc="1" el="173" ec="2" bec="0" bev="0" fileid="4" />
                <SequencePoint vc="12" uspid="175" ordinal="20" sl="175" sc="1" el="175" ec="2" bec="0" bev="0" fileid="4" />
                <SequencePoint vc="12" uspid="176" ordinal="21" sl="176" sc="1" el="176" ec="2" bec="0" bev="0" fileid="4" />
                <SequencePoint vc="12" uspid="177" ordinal="22" sl="177" sc="1" el="177" ec="2" bec="0" bev="0" fileid="4" />
                <SequencePoint vc="13" uspid="179" ordinal="23" sl="179" sc="1" el="179" ec="2" bec="0" bev="0" fileid="4" />
                <SequencePoint vc="13" uspid="180" ordinal="24" sl="180" sc="1" el="180" ec="2" bec="0" bev="0" fileid="4" />
                <SequencePoint vc="13" uspid="181" ordinal="25" sl="181" sc="1" el="181" ec="2" bec="0" bev="0" fileid="4" />
                <SequencePoint vc="13" uspid="182" ordinal="26" sl="182" sc="1" el="182" ec="2" bec="0" bev="0" fileid="4" />
                <SequencePoint vc="13" uspid="183" ordinal="27" sl="183" sc="1" el="183" ec="2" bec="0" bev="0" fileid="4" />
                <SequencePoint vc="13" uspid="184" ordinal="28" sl="184" sc="1" el="184" ec="2" bec="0" bev="0" fileid="4" />
                <SequencePoint vc="13" uspid="186" ordinal="29" sl="186" sc="1" el="186" ec="2" bec="0" bev="0" fileid="4" />
                <SequencePoint vc="13" uspid="187" ordinal="30" sl="187" sc="1" el="187" ec="2" bec="0" bev="0" fileid="4" />
                <SequencePoint vc="13" uspid="188" ordinal="31" sl="188" sc="1" el="188" ec="2" bec="0" bev="0" fileid="4" />
                <SequencePoint vc="13" uspid="189" ordinal="32" sl="189" sc="1" el="189" ec="2" bec="0" bev="0" fileid="4" />
                <SequencePoint vc="13" uspid="190" ordinal="33" sl="190" sc="1" el="190" ec="2" bec="0" bev="0" fileid="4" />
                <SequencePoint vc="13" uspid="192" ordinal="34" sl="192" sc="1" el="192" ec="2" bec="0" bev="0" fileid="4" />
                <SequencePoint vc="13" uspid="193" ordinal="35" sl="193" sc="1" el="193" ec="2" bec="0" bev="0" fileid="4" />
                <SequencePoint vc="13" uspid="195" ordinal="36" sl="195" sc="1" el="195" ec="2" bec="0" bev="0" fileid="4" />
                <SequencePoint vc="13" uspid="196" ordinal="37" sl="196" sc="1" el="196" ec="2" bec="0" bev="0" fileid="4" />
                <SequencePoint vc="13" uspid="197" ordinal="38" sl="197" sc="1" el="197" ec="2" bec="0" bev="0" fileid="4" />
                <SequencePoint vc="13" uspid="198" ordinal="39" sl="198" sc="1" el="198" ec="2" bec="0" bev="0" fileid="4" />
                <SequencePoint vc="13" uspid="200" ordinal="40" sl="200" sc="1" el="200" ec="2" bec="0" bev="0" fileid="4" />
                <SequencePoint vc="13" uspid="201" ordinal="41" sl="201" sc="1" el="201" ec="2" bec="0" bev="0" fileid="4" />
                <SequencePoint vc="13" uspid="202" ordinal="42" sl="202" sc="1" el="202" ec="2" bec="0" bev="0" fileid="4" />
                <SequencePoint vc="13" uspid="204" ordinal="43" sl="204" sc="1" el="204" ec="2" bec="0" bev="0" fileid="4" />
                <SequencePoint vc="13" uspid="205" ordinal="44" sl="205" sc="1" el="205" ec="2" bec="0" bev="0" fileid="4" />
                <SequencePoint vc="13" uspid="206" ordinal="45" sl="206" sc="1" el="206" ec="2" bec="0" bev="0" fileid="4" />
                <SequencePoint vc="13" uspid="208" ordinal="46" sl="208" sc="1" el="208" ec="2" bec="0" bev="0" fileid="4" />
                <SequencePoint vc="6" uspid="209" ordinal="47" sl="209" sc="1" el="209" ec="2" bec="0" bev="0" fileid="4" />
                <SequencePoint vc="13" uspid="210" ordinal="48" sl="210" sc="1" el="210" ec="2" bec="0" bev="0" fileid="4" />
                <SequencePoint vc="6" uspid="211" ordinal="49" sl="211" sc="1" el="211" ec="2" bec="0" bev="0" fileid="4" />
                <SequencePoint vc="6" uspid="212" ordinal="50" sl="212" sc="1" el="212" ec="2" bec="0" bev="0" fileid="4" />
                <SequencePoint vc="13" uspid="213" ordinal="51" sl="213" sc="1" el="213" ec="2" bec="0" bev="0" fileid="4" />
                <SequencePoint vc="4" uspid="214" ordinal="52" sl="214" sc="1" el="214" ec="2" bec="0" bev="0" fileid="4" />
                <SequencePoint vc="13" uspid="215" ordinal="53" sl="215" sc="1" el="215" ec="2" bec="0" bev="0" fileid="4" />
                <SequencePoint vc="2" uspid="216" ordinal="54" sl="216" sc="1" el="216" ec="2" bec="0" bev="0" fileid="4" />
                <SequencePoint vc="2" uspid="217" ordinal="55" sl="217" sc="1" el="217" ec="2" bec="0" bev="0" fileid="4" />
                <SequencePoint vc="2" uspid="218" ordinal="56" sl="218" sc="1" el="218" ec="2" bec="0" bev="0" fileid="4" />
                <SequencePoint vc="13" uspid="219" ordinal="57" sl="219" sc="1" el="219" ec="2" bec="0" bev="0" fileid="4" />
                <SequencePoint vc="17" uspid="220" ordinal="58" sl="220" sc="1" el="220" ec="2" bec="0" bev="0" fileid="4" />
                <SequencePoint vc="13" uspid="222" ordinal="59" sl="222" sc="1" el="222" ec="2" bec="0" bev="0" fileid="4" />
                <SequencePoint vc="13" uspid="223" ordinal="60" sl="223" sc="1" el="223" ec="2" bec="0" bev="0" fileid="4" />
              </SequencePoints>
              <BranchPoints>
                <BranchPoint vc="0" uspid="147" ordinal="0" path="0" offset="20" offsetend="22" sl="147" fileid="4" />
                <BranchPoint vc="13" uspid="147" ordinal="1" path="1" offset="20" offsetend="34" sl="147" fileid="4" />
                <BranchPoint vc="0" uspid="152" ordinal="2" path="0" offset="45" offsetend="47" sl="152" fileid="4" />
                <BranchPoint vc="13" uspid="152" ordinal="3" path="1" offset="45" offsetend="59" sl="152" fileid="4" />
                <BranchPoint vc="0" uspid="157" ordinal="4" path="0" offset="98" offsetend="100" sl="157" fileid="4" />
                <BranchPoint vc="13" uspid="157" ordinal="5" path="1" offset="98" offsetend="112" sl="157" fileid="4" />
                <BranchPoint vc="13" uspid="165" ordinal="6" path="0" offset="125" offsetend="127" sl="165" fileid="4" />
                <BranchPoint vc="13" uspid="165" ordinal="7" path="1" offset="125" offsetend="136" sl="165" fileid="4" />
                <BranchPoint vc="1" uspid="170" ordinal="8" path="0" offset="144" offsetend="146" sl="170" fileid="4" />
                <BranchPoint vc="12" uspid="170" ordinal="9" path="1" offset="144" offsetend="158" sl="170" fileid="4" />
              </BranchPoints>
              <MethodPoint vc="53" uspid="0" p8:type="SequencePoint" ordinal="2" offset="2" sc="0" sl="146" ec="1" el="223" bec="0" bev="0" fileid="4" xmlns:p8="xsi" />
            </Method>
            <Method cyclomaticComplexity="4" nPathComplexity="4" sequenceCoverage="55.55" branchCoverage="50" isConstructor="False" isGetter="False" isSetter="False" isStatic="True">
              <Summary numSequencePoints="9" visitedSequencePoints="5" numBranchPoints="4" visitedBranchPoints="2" sequenceCoverage="55.55" branchCoverage="50" maxCyclomaticComplexity="4" minCyclomaticComplexity="4" visitedClasses="0" numClasses="0" visitedMethods="1" numMethods="1" />
              <MetadataToken />
              <Name>Fluorite.Extensions.DependencyInjection.IStrainerBuilder Fluorite.Extensions.DependencyInjection.StrainerServiceCollectionExtensions::AddStrainer(Microsoft.Extensions.DependencyInjection.IServiceCollection,Microsoft.Extensions.Configuration.IConfiguration,Microsoft.Extensions.DependencyInjection.ServiceLifetime)</Name>
              <FileRef uid="4" />
              <SequencePoints>
                <SequencePoint vc="1" uspid="229" ordinal="0" sl="229" sc="1" el="229" ec="2" bec="0" bev="0" fileid="4" />
                <SequencePoint vc="1" uspid="230" ordinal="1" sl="230" sc="1" el="230" ec="2" bec="2" bev="1" fileid="4" />
                <SequencePoint vc="0" uspid="231" ordinal="2" sl="231" sc="1" el="231" ec="2" bec="0" bev="0" fileid="4" />
                <SequencePoint vc="0" uspid="232" ordinal="3" sl="232" sc="1" el="232" ec="2" bec="0" bev="0" fileid="4" />
                <SequencePoint vc="1" uspid="235" ordinal="4" sl="235" sc="1" el="235" ec="2" bec="2" bev="1" fileid="4" />
                <SequencePoint vc="0" uspid="236" ordinal="5" sl="236" sc="1" el="236" ec="2" bec="0" bev="0" fileid="4" />
                <SequencePoint vc="0" uspid="237" ordinal="6" sl="237" sc="1" el="237" ec="2" bec="0" bev="0" fileid="4" />
                <SequencePoint vc="1" uspid="240" ordinal="7" sl="240" sc="1" el="240" ec="2" bec="0" bev="0" fileid="4" />
                <SequencePoint vc="1" uspid="241" ordinal="8" sl="241" sc="1" el="241" ec="2" bec="0" bev="0" fileid="4" />
              </SequencePoints>
              <BranchPoints>
                <BranchPoint vc="0" uspid="230" ordinal="0" path="0" offset="7" offsetend="9" sl="230" fileid="4" />
                <BranchPoint vc="1" uspid="230" ordinal="1" path="1" offset="7" offsetend="21" sl="230" fileid="4" />
                <BranchPoint vc="0" uspid="235" ordinal="2" path="0" offset="27" offsetend="29" sl="235" fileid="4" />
                <BranchPoint vc="1" uspid="235" ordinal="3" path="1" offset="27" offsetend="41" sl="235" fileid="4" />
              </BranchPoints>
              <MethodPoint vc="5" uspid="0" p8:type="SequencePoint" ordinal="3" offset="3" sc="0" sl="229" ec="1" el="241" bec="0" bev="0" fileid="4" xmlns:p8="xsi" />
            </Method>
            <Method cyclomaticComplexity="6" nPathComplexity="6" sequenceCoverage="53.84" branchCoverage="50" isConstructor="False" isGetter="False" isSetter="False" isStatic="True">
              <Summary numSequencePoints="13" visitedSequencePoints="7" numBranchPoints="6" visitedBranchPoints="3" sequenceCoverage="53.84" branchCoverage="50" maxCyclomaticComplexity="6" minCyclomaticComplexity="6" visitedClasses="0" numClasses="0" visitedMethods="1" numMethods="1" />
              <MetadataToken />
              <Name>Fluorite.Extensions.DependencyInjection.IStrainerBuilder Fluorite.Extensions.DependencyInjection.StrainerServiceCollectionExtensions::AddStrainer(Microsoft.Extensions.DependencyInjection.IServiceCollection,Microsoft.Extensions.Configuration.IConfiguration,System.Collections.Generic.IReadOnlyCollection`1&lt;System.Type&gt;,Microsoft.Extensions.DependencyInjection.ServiceLifetime)</Name>
              <FileRef uid="4" />
              <SequencePoints>
                <SequencePoint vc="1" uspid="281" ordinal="0" sl="281" sc="1" el="281" ec="2" bec="0" bev="0" fileid="4" />
                <SequencePoint vc="1" uspid="282" ordinal="1" sl="282" sc="1" el="282" ec="2" bec="2" bev="1" fileid="4" />
                <SequencePoint vc="0" uspid="283" ordinal="2" sl="283" sc="1" el="283" ec="2" bec="0" bev="0" fileid="4" />
                <SequencePoint vc="0" uspid="284" ordinal="3" sl="284" sc="1" el="284" ec="2" bec="0" bev="0" fileid="4" />
                <SequencePoint vc="1" uspid="287" ordinal="4" sl="287" sc="1" el="287" ec="2" bec="2" bev="1" fileid="4" />
                <SequencePoint vc="0" uspid="288" ordinal="5" sl="288" sc="1" el="288" ec="2" bec="0" bev="0" fileid="4" />
                <SequencePoint vc="0" uspid="289" ordinal="6" sl="289" sc="1" el="289" ec="2" bec="0" bev="0" fileid="4" />
                <SequencePoint vc="1" uspid="292" ordinal="7" sl="292" sc="1" el="292" ec="2" bec="2" bev="1" fileid="4" />
                <SequencePoint vc="0" uspid="293" ordinal="8" sl="293" sc="1" el="293" ec="2" bec="0" bev="0" fileid="4" />
                <SequencePoint vc="0" uspid="294" ordinal="9" sl="294" sc="1" el="294" ec="2" bec="0" bev="0" fileid="4" />
                <SequencePoint vc="1" uspid="297" ordinal="10" sl="297" sc="1" el="297" ec="2" bec="0" bev="0" fileid="4" />
                <SequencePoint vc="1" uspid="299" ordinal="11" sl="299" sc="1" el="299" ec="2" bec="0" bev="0" fileid="4" />
                <SequencePoint vc="1" uspid="300" ordinal="12" sl="300" sc="1" el="300" ec="2" bec="0" bev="0" fileid="4" />
              </SequencePoints>
              <BranchPoints>
                <BranchPoint vc="0" uspid="282" ordinal="0" path="0" offset="7" offsetend="9" sl="282" fileid="4" />
                <BranchPoint vc="1" uspid="282" ordinal="1" path="1" offset="7" offsetend="21" sl="282" fileid="4" />
                <BranchPoint vc="0" uspid="287" ordinal="2" path="0" offset="27" offsetend="29" sl="287" fileid="4" />
                <BranchPoint vc="1" uspid="287" ordinal="3" path="1" offset="27" offsetend="41" sl="287" fileid="4" />
                <BranchPoint vc="0" uspid="292" ordinal="4" path="0" offset="47" offsetend="49" sl="292" fileid="4" />
                <BranchPoint vc="1" uspid="292" ordinal="5" path="1" offset="47" offsetend="61" sl="292" fileid="4" />
              </BranchPoints>
              <MethodPoint vc="7" uspid="0" p8:type="SequencePoint" ordinal="4" offset="4" sc="0" sl="281" ec="1" el="300" bec="0" bev="0" fileid="4" xmlns:p8="xsi" />
            </Method>
            <Method cyclomaticComplexity="6" nPathComplexity="6" sequenceCoverage="0" branchCoverage="0" isConstructor="False" isGetter="False" isSetter="False" isStatic="True">
              <Summary numSequencePoints="13" visitedSequencePoints="0" numBranchPoints="6" visitedBranchPoints="0" sequenceCoverage="0" branchCoverage="0" maxCyclomaticComplexity="6" minCyclomaticComplexity="6" visitedClasses="0" numClasses="0" visitedMethods="0" numMethods="1" />
              <MetadataToken />
              <Name>Fluorite.Extensions.DependencyInjection.IStrainerBuilder Fluorite.Extensions.DependencyInjection.StrainerServiceCollectionExtensions::AddStrainer(Microsoft.Extensions.DependencyInjection.IServiceCollection,Microsoft.Extensions.Configuration.IConfiguration,System.Collections.Generic.IReadOnlyCollection`1&lt;System.Reflection.Assembly&gt;,Microsoft.Extensions.DependencyInjection.ServiceLifetime)</Name>
              <FileRef uid="4" />
              <SequencePoints>
                <SequencePoint vc="0" uspid="345" ordinal="0" sl="345" sc="1" el="345" ec="2" bec="0" bev="0" fileid="4" />
                <SequencePoint vc="0" uspid="346" ordinal="1" sl="346" sc="1" el="346" ec="2" bec="2" bev="0" fileid="4" />
                <SequencePoint vc="0" uspid="347" ordinal="2" sl="347" sc="1" el="347" ec="2" bec="0" bev="0" fileid="4" />
                <SequencePoint vc="0" uspid="348" ordinal="3" sl="348" sc="1" el="348" ec="2" bec="0" bev="0" fileid="4" />
                <SequencePoint vc="0" uspid="351" ordinal="4" sl="351" sc="1" el="351" ec="2" bec="2" bev="0" fileid="4" />
                <SequencePoint vc="0" uspid="352" ordinal="5" sl="352" sc="1" el="352" ec="2" bec="0" bev="0" fileid="4" />
                <SequencePoint vc="0" uspid="353" ordinal="6" sl="353" sc="1" el="353" ec="2" bec="0" bev="0" fileid="4" />
                <SequencePoint vc="0" uspid="356" ordinal="7" sl="356" sc="1" el="356" ec="2" bec="2" bev="0" fileid="4" />
                <SequencePoint vc="0" uspid="357" ordinal="8" sl="357" sc="1" el="357" ec="2" bec="0" bev="0" fileid="4" />
                <SequencePoint vc="0" uspid="358" ordinal="9" sl="358" sc="1" el="358" ec="2" bec="0" bev="0" fileid="4" />
                <SequencePoint vc="0" uspid="361" ordinal="10" sl="361" sc="1" el="361" ec="2" bec="0" bev="0" fileid="4" />
                <SequencePoint vc="0" uspid="363" ordinal="11" sl="363" sc="1" el="363" ec="2" bec="0" bev="0" fileid="4" />
                <SequencePoint vc="0" uspid="364" ordinal="12" sl="364" sc="1" el="364" ec="2" bec="0" bev="0" fileid="4" />
              </SequencePoints>
              <BranchPoints>
                <BranchPoint vc="0" uspid="346" ordinal="0" path="0" offset="7" offsetend="9" sl="346" fileid="4" />
                <BranchPoint vc="0" uspid="346" ordinal="1" path="1" offset="7" offsetend="21" sl="346" fileid="4" />
                <BranchPoint vc="0" uspid="351" ordinal="2" path="0" offset="27" offsetend="29" sl="351" fileid="4" />
                <BranchPoint vc="0" uspid="351" ordinal="3" path="1" offset="27" offsetend="41" sl="351" fileid="4" />
                <BranchPoint vc="0" uspid="356" ordinal="4" path="0" offset="47" offsetend="49" sl="356" fileid="4" />
                <BranchPoint vc="0" uspid="356" ordinal="5" path="1" offset="47" offsetend="61" sl="356" fileid="4" />
              </BranchPoints>
              <MethodPoint vc="0" uspid="0" p8:type="SequencePoint" ordinal="5" offset="5" sc="0" sl="345" ec="1" el="364" bec="0" bev="0" fileid="4" xmlns:p8="xsi" />
            </Method>
            <Method cyclomaticComplexity="4" nPathComplexity="4" sequenceCoverage="55.55" branchCoverage="50" isConstructor="False" isGetter="False" isSetter="False" isStatic="True">
              <Summary numSequencePoints="9" visitedSequencePoints="5" numBranchPoints="4" visitedBranchPoints="2" sequenceCoverage="55.55" branchCoverage="50" maxCyclomaticComplexity="4" minCyclomaticComplexity="4" visitedClasses="0" numClasses="0" visitedMethods="1" numMethods="1" />
              <MetadataToken />
              <Name>Fluorite.Extensions.DependencyInjection.IStrainerBuilder Fluorite.Extensions.DependencyInjection.StrainerServiceCollectionExtensions::AddStrainer(Microsoft.Extensions.DependencyInjection.IServiceCollection,System.Action`1&lt;Fluorite.Strainer.Models.StrainerOptions&gt;,Microsoft.Extensions.DependencyInjection.ServiceLifetime)</Name>
              <FileRef uid="4" />
              <SequencePoints>
                <SequencePoint vc="1" uspid="397" ordinal="0" sl="397" sc="1" el="397" ec="2" bec="0" bev="0" fileid="4" />
                <SequencePoint vc="1" uspid="398" ordinal="1" sl="398" sc="1" el="398" ec="2" bec="2" bev="1" fileid="4" />
                <SequencePoint vc="0" uspid="399" ordinal="2" sl="399" sc="1" el="399" ec="2" bec="0" bev="0" fileid="4" />
                <SequencePoint vc="0" uspid="400" ordinal="3" sl="400" sc="1" el="400" ec="2" bec="0" bev="0" fileid="4" />
                <SequencePoint vc="1" uspid="403" ordinal="4" sl="403" sc="1" el="403" ec="2" bec="2" bev="1" fileid="4" />
                <SequencePoint vc="0" uspid="404" ordinal="5" sl="404" sc="1" el="404" ec="2" bec="0" bev="0" fileid="4" />
                <SequencePoint vc="0" uspid="405" ordinal="6" sl="405" sc="1" el="405" ec="2" bec="0" bev="0" fileid="4" />
                <SequencePoint vc="1" uspid="408" ordinal="7" sl="408" sc="1" el="408" ec="2" bec="0" bev="0" fileid="4" />
                <SequencePoint vc="1" uspid="409" ordinal="8" sl="409" sc="1" el="409" ec="2" bec="0" bev="0" fileid="4" />
              </SequencePoints>
              <BranchPoints>
                <BranchPoint vc="0" uspid="398" ordinal="0" path="0" offset="7" offsetend="9" sl="398" fileid="4" />
                <BranchPoint vc="1" uspid="398" ordinal="1" path="1" offset="7" offsetend="21" sl="398" fileid="4" />
                <BranchPoint vc="0" uspid="403" ordinal="2" path="0" offset="27" offsetend="29" sl="403" fileid="4" />
                <BranchPoint vc="1" uspid="403" ordinal="3" path="1" offset="27" offsetend="41" sl="403" fileid="4" />
              </BranchPoints>
              <MethodPoint vc="5" uspid="0" p8:type="SequencePoint" ordinal="6" offset="6" sc="0" sl="397" ec="1" el="409" bec="0" bev="0" fileid="4" xmlns:p8="xsi" />
            </Method>
            <Method cyclomaticComplexity="6" nPathComplexity="6" sequenceCoverage="53.84" branchCoverage="50" isConstructor="False" isGetter="False" isSetter="False" isStatic="True">
              <Summary numSequencePoints="13" visitedSequencePoints="7" numBranchPoints="6" visitedBranchPoints="3" sequenceCoverage="53.84" branchCoverage="50" maxCyclomaticComplexity="6" minCyclomaticComplexity="6" visitedClasses="0" numClasses="0" visitedMethods="1" numMethods="1" />
              <MetadataToken />
              <Name>Fluorite.Extensions.DependencyInjection.IStrainerBuilder Fluorite.Extensions.DependencyInjection.StrainerServiceCollectionExtensions::AddStrainer(Microsoft.Extensions.DependencyInjection.IServiceCollection,System.Action`1&lt;Fluorite.Strainer.Models.StrainerOptions&gt;,System.Collections.Generic.IReadOnlyCollection`1&lt;System.Type&gt;,Microsoft.Extensions.DependencyInjection.ServiceLifetime)</Name>
              <FileRef uid="4" />
              <SequencePoints>
                <SequencePoint vc="1" uspid="449" ordinal="0" sl="449" sc="1" el="449" ec="2" bec="0" bev="0" fileid="4" />
                <SequencePoint vc="1" uspid="450" ordinal="1" sl="450" sc="1" el="450" ec="2" bec="2" bev="1" fileid="4" />
                <SequencePoint vc="0" uspid="451" ordinal="2" sl="451" sc="1" el="451" ec="2" bec="0" bev="0" fileid="4" />
                <SequencePoint vc="0" uspid="452" ordinal="3" sl="452" sc="1" el="452" ec="2" bec="0" bev="0" fileid="4" />
                <SequencePoint vc="1" uspid="455" ordinal="4" sl="455" sc="1" el="455" ec="2" bec="2" bev="1" fileid="4" />
                <SequencePoint vc="0" uspid="456" ordinal="5" sl="456" sc="1" el="456" ec="2" bec="0" bev="0" fileid="4" />
                <SequencePoint vc="0" uspid="457" ordinal="6" sl="457" sc="1" el="457" ec="2" bec="0" bev="0" fileid="4" />
                <SequencePoint vc="1" uspid="460" ordinal="7" sl="460" sc="1" el="460" ec="2" bec="2" bev="1" fileid="4" />
                <SequencePoint vc="0" uspid="461" ordinal="8" sl="461" sc="1" el="461" ec="2" bec="0" bev="0" fileid="4" />
                <SequencePoint vc="0" uspid="462" ordinal="9" sl="462" sc="1" el="462" ec="2" bec="0" bev="0" fileid="4" />
                <SequencePoint vc="1" uspid="465" ordinal="10" sl="465" sc="1" el="465" ec="2" bec="0" bev="0" fileid="4" />
                <SequencePoint vc="1" uspid="467" ordinal="11" sl="467" sc="1" el="467" ec="2" bec="0" bev="0" fileid="4" />
                <SequencePoint vc="1" uspid="468" ordinal="12" sl="468" sc="1" el="468" ec="2" bec="0" bev="0" fileid="4" />
              </SequencePoints>
              <BranchPoints>
                <BranchPoint vc="0" uspid="450" ordinal="0" path="0" offset="7" offsetend="9" sl="450" fileid="4" />
                <BranchPoint vc="1" uspid="450" ordinal="1" path="1" offset="7" offsetend="21" sl="450" fileid="4" />
                <BranchPoint vc="0" uspid="455" ordinal="2" path="0" offset="27" offsetend="29" sl="455" fileid="4" />
                <BranchPoint vc="1" uspid="455" ordinal="3" path="1" offset="27" offsetend="41" sl="455" fileid="4" />
                <BranchPoint vc="0" uspid="460" ordinal="4" path="0" offset="47" offsetend="49" sl="460" fileid="4" />
                <BranchPoint vc="1" uspid="460" ordinal="5" path="1" offset="47" offsetend="61" sl="460" fileid="4" />
              </BranchPoints>
              <MethodPoint vc="7" uspid="0" p8:type="SequencePoint" ordinal="7" offset="7" sc="0" sl="449" ec="1" el="468" bec="0" bev="0" fileid="4" xmlns:p8="xsi" />
            </Method>
            <Method cyclomaticComplexity="6" nPathComplexity="6" sequenceCoverage="0" branchCoverage="0" isConstructor="False" isGetter="False" isSetter="False" isStatic="True">
              <Summary numSequencePoints="13" visitedSequencePoints="0" numBranchPoints="6" visitedBranchPoints="0" sequenceCoverage="0" branchCoverage="0" maxCyclomaticComplexity="6" minCyclomaticComplexity="6" visitedClasses="0" numClasses="0" visitedMethods="0" numMethods="1" />
              <MetadataToken />
              <Name>Fluorite.Extensions.DependencyInjection.IStrainerBuilder Fluorite.Extensions.DependencyInjection.StrainerServiceCollectionExtensions::AddStrainer(Microsoft.Extensions.DependencyInjection.IServiceCollection,System.Action`1&lt;Fluorite.Strainer.Models.StrainerOptions&gt;,System.Collections.Generic.IReadOnlyCollection`1&lt;System.Reflection.Assembly&gt;,Microsoft.Extensions.DependencyInjection.ServiceLifetime)</Name>
              <FileRef uid="4" />
              <SequencePoints>
                <SequencePoint vc="0" uspid="513" ordinal="0" sl="513" sc="1" el="513" ec="2" bec="0" bev="0" fileid="4" />
                <SequencePoint vc="0" uspid="514" ordinal="1" sl="514" sc="1" el="514" ec="2" bec="2" bev="0" fileid="4" />
                <SequencePoint vc="0" uspid="515" ordinal="2" sl="515" sc="1" el="515" ec="2" bec="0" bev="0" fileid="4" />
                <SequencePoint vc="0" uspid="516" ordinal="3" sl="516" sc="1" el="516" ec="2" bec="0" bev="0" fileid="4" />
                <SequencePoint vc="0" uspid="519" ordinal="4" sl="519" sc="1" el="519" ec="2" bec="2" bev="0" fileid="4" />
                <SequencePoint vc="0" uspid="520" ordinal="5" sl="520" sc="1" el="520" ec="2" bec="0" bev="0" fileid="4" />
                <SequencePoint vc="0" uspid="521" ordinal="6" sl="521" sc="1" el="521" ec="2" bec="0" bev="0" fileid="4" />
                <SequencePoint vc="0" uspid="524" ordinal="7" sl="524" sc="1" el="524" ec="2" bec="2" bev="0" fileid="4" />
                <SequencePoint vc="0" uspid="525" ordinal="8" sl="525" sc="1" el="525" ec="2" bec="0" bev="0" fileid="4" />
                <SequencePoint vc="0" uspid="526" ordinal="9" sl="526" sc="1" el="526" ec="2" bec="0" bev="0" fileid="4" />
                <SequencePoint vc="0" uspid="529" ordinal="10" sl="529" sc="1" el="529" ec="2" bec="0" bev="0" fileid="4" />
                <SequencePoint vc="0" uspid="531" ordinal="11" sl="531" sc="1" el="531" ec="2" bec="0" bev="0" fileid="4" />
                <SequencePoint vc="0" uspid="532" ordinal="12" sl="532" sc="1" el="532" ec="2" bec="0" bev="0" fileid="4" />
              </SequencePoints>
              <BranchPoints>
                <BranchPoint vc="0" uspid="514" ordinal="0" path="0" offset="7" offsetend="9" sl="514" fileid="4" />
                <BranchPoint vc="0" uspid="514" ordinal="1" path="1" offset="7" offsetend="21" sl="514" fileid="4" />
                <BranchPoint vc="0" uspid="519" ordinal="2" path="0" offset="27" offsetend="29" sl="519" fileid="4" />
                <BranchPoint vc="0" uspid="519" ordinal="3" path="1" offset="27" offsetend="41" sl="519" fileid="4" />
                <BranchPoint vc="0" uspid="524" ordinal="4" path="0" offset="47" offsetend="49" sl="524" fileid="4" />
                <BranchPoint vc="0" uspid="524" ordinal="5" path="1" offset="47" offsetend="61" sl="524" fileid="4" />
              </BranchPoints>
              <MethodPoint vc="0" uspid="0" p8:type="SequencePoint" ordinal="8" offset="8" sc="0" sl="513" ec="1" el="532" bec="0" bev="0" fileid="4" xmlns:p8="xsi" />
            </Method>
            <Method cyclomaticComplexity="1" nPathComplexity="1" sequenceCoverage="100" branchCoverage="100" isConstructor="False" isGetter="False" isSetter="False" isStatic="True">
              <Summary numSequencePoints="3" visitedSequencePoints="3" numBranchPoints="0" visitedBranchPoints="0" sequenceCoverage="100" branchCoverage="100" maxCyclomaticComplexity="1" minCyclomaticComplexity="1" visitedClasses="0" numClasses="0" visitedMethods="1" numMethods="1" />
              <MetadataToken />
              <Name>System.Void Fluorite.Extensions.DependencyInjection.StrainerServiceCollectionExtensions::Add(Microsoft.Extensions.DependencyInjection.IServiceCollection,Microsoft.Extensions.DependencyInjection.ServiceLifetime)</Name>
              <FileRef uid="4" />
              <SequencePoints>
                <SequencePoint vc="312" uspid="538" ordinal="0" sl="538" sc="1" el="538" ec="2" bec="0" bev="0" fileid="4" />
                <SequencePoint vc="312" uspid="539" ordinal="1" sl="539" sc="1" el="539" ec="2" bec="0" bev="0" fileid="4" />
                <SequencePoint vc="312" uspid="540" ordinal="2" sl="540" sc="1" el="540" ec="2" bec="0" bev="0" fileid="4" />
              </SequencePoints>
              <BranchPoints />
              <MethodPoint vc="3" uspid="0" p8:type="SequencePoint" ordinal="9" offset="9" sc="0" sl="538" ec="1" el="540" bec="0" bev="0" fileid="4" xmlns:p8="xsi" />
            </Method>
            <Method cyclomaticComplexity="2" nPathComplexity="2" sequenceCoverage="100" branchCoverage="100" isConstructor="False" isGetter="False" isSetter="False" isStatic="True">
              <Summary numSequencePoints="3" visitedSequencePoints="3" numBranchPoints="2" visitedBranchPoints="2" sequenceCoverage="100" branchCoverage="100" maxCyclomaticComplexity="2" minCyclomaticComplexity="2" visitedClasses="0" numClasses="0" visitedMethods="1" numMethods="1" />
              <MetadataToken />
              <Name>System.Boolean Fluorite.Extensions.DependencyInjection.StrainerServiceCollectionExtensions::ContainsServiceOfType(Microsoft.Extensions.DependencyInjection.IServiceCollection)</Name>
              <FileRef uid="4" />
              <SequencePoints>
                <SequencePoint vc="13" uspid="544" ordinal="0" sl="544" sc="1" el="544" ec="2" bec="0" bev="0" fileid="4" />
                <SequencePoint vc="26" uspid="545" ordinal="1" sl="545" sc="1" el="545" ec="2" bec="2" bev="2" fileid="4" />
                <SequencePoint vc="13" uspid="546" ordinal="2" sl="546" sc="1" el="546" ec="2" bec="0" bev="0" fileid="4" />
              </SequencePoints>
              <BranchPoints>
                <BranchPoint vc="1" uspid="545" ordinal="0" path="0" offset="8" offsetend="10" sl="545" fileid="4" />
                <BranchPoint vc="13" uspid="545" ordinal="1" path="1" offset="8" offsetend="33" sl="545" fileid="4" />
              </BranchPoints>
              <MethodPoint vc="3" uspid="0" p8:type="SequencePoint" ordinal="10" offset="10" sc="0" sl="544" ec="1" el="546" bec="0" bev="0" fileid="4" xmlns:p8="xsi" />
            </Method>
            <Method cyclomaticComplexity="2" nPathComplexity="2" sequenceCoverage="0" branchCoverage="0" isConstructor="False" isGetter="False" isSetter="False" isStatic="True">
              <Summary numSequencePoints="8" visitedSequencePoints="0" numBranchPoints="2" visitedBranchPoints="0" sequenceCoverage="0" branchCoverage="0" maxCyclomaticComplexity="2" minCyclomaticComplexity="2" visitedClasses="0" numClasses="0" visitedMethods="0" numMethods="1" />
              <MetadataToken />
              <Name>System.Collections.Generic.List`1&lt;System.Type&gt; Fluorite.Extensions.DependencyInjection.StrainerServiceCollectionExtensions::GetModuleTypesFromAssemblies(System.Collections.Generic.IReadOnlyCollection`1&lt;System.Reflection.Assembly&gt;)</Name>
              <FileRef uid="4" />
              <SequencePoints>
                <SequencePoint vc="0" uspid="549" ordinal="0" sl="549" sc="1" el="549" ec="2" bec="0" bev="0" fileid="4" />
                <SequencePoint vc="0" uspid="550" ordinal="1" sl="550" sc="1" el="550" ec="2" bec="0" bev="0" fileid="4" />
                <SequencePoint vc="0" uspid="551" ordinal="2" sl="551" sc="1" el="551" ec="2" bec="0" bev="0" fileid="4" />
                <SequencePoint vc="0" uspid="552" ordinal="3" sl="552" sc="1" el="552" ec="2" bec="0" bev="0" fileid="4" />
                <SequencePoint vc="0" uspid="553" ordinal="4" sl="553" sc="1" el="553" ec="2" bec="0" bev="0" fileid="4" />
                <SequencePoint vc="0" uspid="554" ordinal="5" sl="554" sc="1" el="554" ec="2" bec="2" bev="0" fileid="4" />
                <SequencePoint vc="0" uspid="555" ordinal="6" sl="555" sc="1" el="555" ec="2" bec="0" bev="0" fileid="4" />
                <SequencePoint vc="0" uspid="556" ordinal="7" sl="556" sc="1" el="556" ec="2" bec="0" bev="0" fileid="4" />
              </SequencePoints>
              <BranchPoints>
                <BranchPoint vc="0" uspid="554" ordinal="0" path="0" offset="6" offsetend="8" sl="554" fileid="4" />
                <BranchPoint vc="0" uspid="554" ordinal="1" path="1" offset="6" offsetend="26" sl="554" fileid="4" />
              </BranchPoints>
              <MethodPoint vc="0" uspid="0" p8:type="SequencePoint" ordinal="11" offset="11" sc="0" sl="549" ec="1" el="556" bec="0" bev="0" fileid="4" xmlns:p8="xsi" />
            </Method>
            <Method cyclomaticComplexity="4" nPathComplexity="4" sequenceCoverage="100" branchCoverage="100" isConstructor="False" isGetter="False" isSetter="False" isStatic="True">
              <Summary numSequencePoints="69" visitedSequencePoints="69" numBranchPoints="4" visitedBranchPoints="4" sequenceCoverage="100" branchCoverage="100" maxCyclomaticComplexity="4" minCyclomaticComplexity="4" visitedClasses="0" numClasses="0" visitedMethods="1" numMethods="1" />
              <MetadataToken />
              <Name>Fluorite.Strainer.Models.Configuration.StrainerConfiguration Fluorite.Extensions.DependencyInjection.StrainerServiceCollectionExtensions::BuildStrainerConfiguration(System.Collections.Generic.IReadOnlyCollection`1&lt;System.Type&gt;,System.IServiceProvider)</Name>
              <FileRef uid="4" />
              <SequencePoints>
                <SequencePoint vc="6" uspid="559" ordinal="0" sl="559" sc="1" el="559" ec="2" bec="0" bev="0" fileid="4" />
                <SequencePoint vc="6" uspid="560" ordinal="1" sl="560" sc="1" el="560" ec="2" bec="0" bev="0" fileid="4" />
                <SequencePoint vc="14" uspid="561" ordinal="2" sl="561" sc="1" el="561" ec="2" bec="2" bev="2" fileid="4" />
                <SequencePoint vc="6" uspid="563" ordinal="3" sl="563" sc="1" el="563" ec="2" bec="0" bev="0" fileid="4" />
                <SequencePoint vc="6" uspid="564" ordinal="4" sl="564" sc="1" el="564" ec="2" bec="2" bev="2" fileid="4" />
                <SequencePoint vc="2" uspid="565" ordinal="5" sl="565" sc="1" el="565" ec="2" bec="0" bev="0" fileid="4" />
                <SequencePoint vc="2" uspid="566" ordinal="6" sl="566" sc="1" el="566" ec="2" bec="0" bev="0" fileid="4" />
                <SequencePoint vc="2" uspid="567" ordinal="7" sl="567" sc="1" el="567" ec="2" bec="0" bev="0" fileid="4" />
                <SequencePoint vc="2" uspid="568" ordinal="8" sl="568" sc="1" el="568" ec="2" bec="0" bev="0" fileid="4" />
                <SequencePoint vc="2" uspid="569" ordinal="9" sl="569" sc="1" el="569" ec="2" bec="0" bev="0" fileid="4" />
                <SequencePoint vc="2" uspid="570" ordinal="10" sl="570" sc="1" el="570" ec="2" bec="0" bev="0" fileid="4" />
                <SequencePoint vc="4" uspid="571" ordinal="11" sl="571" sc="1" el="571" ec="2" bec="0" bev="0" fileid="4" />
                <SequencePoint vc="4" uspid="574" ordinal="12" sl="574" sc="1" el="574" ec="2" bec="0" bev="0" fileid="4" />
                <SequencePoint vc="2" uspid="575" ordinal="13" sl="575" sc="1" el="575" ec="2" bec="0" bev="0" fileid="4" />
                <SequencePoint vc="2" uspid="576" ordinal="14" sl="576" sc="1" el="576" ec="2" bec="0" bev="0" fileid="4" />
                <SequencePoint vc="4" uspid="577" ordinal="15" sl="577" sc="1" el="577" ec="2" bec="0" bev="0" fileid="4" />
                <SequencePoint vc="4" uspid="579" ordinal="16" sl="579" sc="1" el="579" ec="2" bec="0" bev="0" fileid="4" />
                <SequencePoint vc="4" uspid="580" ordinal="17" sl="580" sc="1" el="580" ec="2" bec="0" bev="0" fileid="4" />
                <SequencePoint vc="4" uspid="581" ordinal="18" sl="581" sc="1" el="581" ec="2" bec="0" bev="0" fileid="4" />
                <SequencePoint vc="4" uspid="582" ordinal="19" sl="582" sc="1" el="582" ec="2" bec="0" bev="0" fileid="4" />
                <SequencePoint vc="4" uspid="584" ordinal="20" sl="584" sc="1" el="584" ec="2" bec="0" bev="0" fileid="4" />
                <SequencePoint vc="6" uspid="586" ordinal="21" sl="586" sc="1" el="586" ec="2" bec="0" bev="0" fileid="4" />
                <SequencePoint vc="4" uspid="588" ordinal="22" sl="588" sc="1" el="588" ec="2" bec="0" bev="0" fileid="4" />
                <SequencePoint vc="2" uspid="589" ordinal="23" sl="589" sc="1" el="589" ec="2" bec="0" bev="0" fileid="4" />
                <SequencePoint vc="2" uspid="590" ordinal="24" sl="590" sc="1" el="590" ec="2" bec="0" bev="0" fileid="4" />
                <SequencePoint vc="2" uspid="591" ordinal="25" sl="591" sc="1" el="591" ec="2" bec="0" bev="0" fileid="4" />
                <SequencePoint vc="2" uspid="592" ordinal="26" sl="592" sc="1" el="592" ec="2" bec="0" bev="0" fileid="4" />
                <SequencePoint vc="2" uspid="593" ordinal="27" sl="593" sc="1" el="593" ec="2" bec="0" bev="0" fileid="4" />
                <SequencePoint vc="4" uspid="594" ordinal="28" sl="594" sc="1" el="594" ec="2" bec="0" bev="0" fileid="4" />
                <SequencePoint vc="4" uspid="595" ordinal="29" sl="595" sc="1" el="595" ec="2" bec="0" bev="0" fileid="4" />
                <SequencePoint vc="4" uspid="596" ordinal="30" sl="596" sc="1" el="596" ec="2" bec="0" bev="0" fileid="4" />
                <SequencePoint vc="2" uspid="597" ordinal="31" sl="597" sc="1" el="597" ec="2" bec="0" bev="0" fileid="4" />
                <SequencePoint vc="2" uspid="598" ordinal="32" sl="598" sc="1" el="598" ec="2" bec="0" bev="0" fileid="4" />
                <SequencePoint vc="2" uspid="599" ordinal="33" sl="599" sc="1" el="599" ec="2" bec="0" bev="0" fileid="4" />
                <SequencePoint vc="2" uspid="600" ordinal="34" sl="600" sc="1" el="600" ec="2" bec="0" bev="0" fileid="4" />
                <SequencePoint vc="2" uspid="601" ordinal="35" sl="601" sc="1" el="601" ec="2" bec="0" bev="0" fileid="4" />
                <SequencePoint vc="4" uspid="602" ordinal="36" sl="602" sc="1" el="602" ec="2" bec="0" bev="0" fileid="4" />
                <SequencePoint vc="4" uspid="603" ordinal="37" sl="603" sc="1" el="603" ec="2" bec="0" bev="0" fileid="4" />
                <SequencePoint vc="4" uspid="604" ordinal="38" sl="604" sc="1" el="604" ec="2" bec="0" bev="0" fileid="4" />
                <SequencePoint vc="2" uspid="605" ordinal="39" sl="605" sc="1" el="605" ec="2" bec="0" bev="0" fileid="4" />
                <SequencePoint vc="4" uspid="606" ordinal="40" sl="606" sc="1" el="606" ec="2" bec="0" bev="0" fileid="4" />
                <SequencePoint vc="4" uspid="607" ordinal="41" sl="607" sc="1" el="607" ec="2" bec="0" bev="0" fileid="4" />
                <SequencePoint vc="4" uspid="608" ordinal="42" sl="608" sc="1" el="608" ec="2" bec="0" bev="0" fileid="4" />
                <SequencePoint vc="2" uspid="609" ordinal="43" sl="609" sc="1" el="609" ec="2" bec="0" bev="0" fileid="4" />
                <SequencePoint vc="4" uspid="610" ordinal="44" sl="610" sc="1" el="610" ec="2" bec="0" bev="0" fileid="4" />
                <SequencePoint vc="4" uspid="611" ordinal="45" sl="611" sc="1" el="611" ec="2" bec="0" bev="0" fileid="4" />
                <SequencePoint vc="4" uspid="612" ordinal="46" sl="612" sc="1" el="612" ec="2" bec="0" bev="0" fileid="4" />
                <SequencePoint vc="4" uspid="613" ordinal="47" sl="613" sc="1" el="613" ec="2" bec="0" bev="0" fileid="4" />
                <SequencePoint vc="2" uspid="614" ordinal="48" sl="614" sc="1" el="614" ec="2" bec="0" bev="0" fileid="4" />
                <SequencePoint vc="4" uspid="615" ordinal="49" sl="615" sc="1" el="615" ec="2" bec="0" bev="0" fileid="4" />
                <SequencePoint vc="4" uspid="616" ordinal="50" sl="616" sc="1" el="616" ec="2" bec="0" bev="0" fileid="4" />
                <SequencePoint vc="4" uspid="617" ordinal="51" sl="617" sc="1" el="617" ec="2" bec="0" bev="0" fileid="4" />
                <SequencePoint vc="2" uspid="618" ordinal="52" sl="618" sc="1" el="618" ec="2" bec="0" bev="0" fileid="4" />
                <SequencePoint vc="2" uspid="619" ordinal="53" sl="619" sc="1" el="619" ec="2" bec="0" bev="0" fileid="4" />
                <SequencePoint vc="2" uspid="620" ordinal="54" sl="620" sc="1" el="620" ec="2" bec="0" bev="0" fileid="4" />
                <SequencePoint vc="2" uspid="621" ordinal="55" sl="621" sc="1" el="621" ec="2" bec="0" bev="0" fileid="4" />
                <SequencePoint vc="2" uspid="622" ordinal="56" sl="622" sc="1" el="622" ec="2" bec="0" bev="0" fileid="4" />
                <SequencePoint vc="4" uspid="623" ordinal="57" sl="623" sc="1" el="623" ec="2" bec="0" bev="0" fileid="4" />
                <SequencePoint vc="4" uspid="624" ordinal="58" sl="624" sc="1" el="624" ec="2" bec="0" bev="0" fileid="4" />
                <SequencePoint vc="4" uspid="626" ordinal="59" sl="626" sc="1" el="626" ec="2" bec="0" bev="0" fileid="4" />
                <SequencePoint vc="4" uspid="627" ordinal="60" sl="627" sc="1" el="627" ec="2" bec="0" bev="0" fileid="4" />
                <SequencePoint vc="4" uspid="628" ordinal="61" sl="628" sc="1" el="628" ec="2" bec="0" bev="0" fileid="4" />
                <SequencePoint vc="4" uspid="629" ordinal="62" sl="629" sc="1" el="629" ec="2" bec="0" bev="0" fileid="4" />
                <SequencePoint vc="4" uspid="630" ordinal="63" sl="630" sc="1" el="630" ec="2" bec="0" bev="0" fileid="4" />
                <SequencePoint vc="4" uspid="631" ordinal="64" sl="631" sc="1" el="631" ec="2" bec="0" bev="0" fileid="4" />
                <SequencePoint vc="4" uspid="632" ordinal="65" sl="632" sc="1" el="632" ec="2" bec="0" bev="0" fileid="4" />
                <SequencePoint vc="4" uspid="636" ordinal="66" sl="636" sc="1" el="636" ec="2" bec="0" bev="0" fileid="4" />
                <SequencePoint vc="4" uspid="638" ordinal="67" sl="638" sc="1" el="638" ec="2" bec="0" bev="0" fileid="4" />
                <SequencePoint vc="4" uspid="639" ordinal="68" sl="639" sc="1" el="639" ec="2" bec="0" bev="0" fileid="4" />
              </SequencePoints>
              <BranchPoints>
                <BranchPoint vc="2" uspid="564" ordinal="0" path="0" offset="63" offsetend="65" sl="564" fileid="4" />
                <BranchPoint vc="4" uspid="564" ordinal="1" path="1" offset="63" offsetend="144" sl="564" fileid="4" />
                <BranchPoint vc="6" uspid="561" ordinal="0" path="0" offset="6" offsetend="8" sl="561" fileid="4" />
                <BranchPoint vc="2" uspid="561" ordinal="1" path="1" offset="6" offsetend="26" sl="561" fileid="4" />
              </BranchPoints>
              <MethodPoint vc="69" uspid="0" p8:type="SequencePoint" ordinal="12" offset="12" sc="0" sl="559" ec="1" el="639" bec="0" bev="0" fileid="4" xmlns:p8="xsi" />
            </Method>
            <Method cyclomaticComplexity="1" nPathComplexity="1" sequenceCoverage="40" branchCoverage="100" isConstructor="False" isGetter="False" isSetter="False" isStatic="True">
              <Summary numSequencePoints="10" visitedSequencePoints="4" numBranchPoints="0" visitedBranchPoints="0" sequenceCoverage="40" branchCoverage="100" maxCyclomaticComplexity="1" minCyclomaticComplexity="1" visitedClasses="0" numClasses="0" visitedMethods="1" numMethods="1" />
              <MetadataToken />
              <Name>Fluorite.Strainer.Services.Modules.IStrainerModule Fluorite.Extensions.DependencyInjection.StrainerServiceCollectionExtensions::CreateModuleInstance(System.Type)</Name>
              <FileRef uid="4" />
              <SequencePoints>
                <SequencePoint vc="2" uspid="642" ordinal="0" sl="642" sc="1" el="642" ec="2" bec="0" bev="0" fileid="4" />
                <SequencePoint vc="2" uspid="644" ordinal="1" sl="644" sc="1" el="644" ec="2" bec="0" bev="0" fileid="4" />
                <SequencePoint vc="2" uspid="645" ordinal="2" sl="645" sc="1" el="645" ec="2" bec="0" bev="0" fileid="4" />
                <SequencePoint vc="0" uspid="647" ordinal="3" sl="647" sc="1" el="647" ec="2" bec="0" bev="0" fileid="4" />
                <SequencePoint vc="0" uspid="648" ordinal="4" sl="648" sc="1" el="648" ec="2" bec="0" bev="0" fileid="4" />
                <SequencePoint vc="0" uspid="649" ordinal="5" sl="649" sc="1" el="649" ec="2" bec="0" bev="0" fileid="4" />
                <SequencePoint vc="0" uspid="650" ordinal="6" sl="650" sc="1" el="650" ec="2" bec="0" bev="0" fileid="4" />
                <SequencePoint vc="0" uspid="651" ordinal="7" sl="651" sc="1" el="651" ec="2" bec="0" bev="0" fileid="4" />
                <SequencePoint vc="0" uspid="652" ordinal="8" sl="652" sc="1" el="652" ec="2" bec="0" bev="0" fileid="4" />
                <SequencePoint vc="2" uspid="654" ordinal="9" sl="654" sc="1" el="654" ec="2" bec="0" bev="0" fileid="4" />
              </SequencePoints>
              <BranchPoints />
              <MethodPoint vc="4" uspid="0" p8:type="SequencePoint" ordinal="13" offset="13" sc="0" sl="642" ec="1" el="654" bec="0" bev="0" fileid="4" xmlns:p8="xsi" />
            </Method>
            <Method cyclomaticComplexity="4" nPathComplexity="4" sequenceCoverage="100" branchCoverage="100" isConstructor="False" isGetter="False" isSetter="False" isStatic="True">
              <Summary numSequencePoints="19" visitedSequencePoints="19" numBranchPoints="4" visitedBranchPoints="4" sequenceCoverage="100" branchCoverage="100" maxCyclomaticComplexity="4" minCyclomaticComplexity="4" visitedClasses="0" numClasses="0" visitedMethods="1" numMethods="1" />
              <MetadataToken />
              <Name>System.Void Fluorite.Extensions.DependencyInjection.StrainerServiceCollectionExtensions::LoadModule(Fluorite.Strainer.Services.Modules.IStrainerModule,Fluorite.Strainer.Models.StrainerOptions,Fluorite.Strainer.Services.Metadata.IPropertyInfoProvider)</Name>
              <FileRef uid="4" />
              <SequencePoints>
                <SequencePoint vc="2" uspid="660" ordinal="0" sl="660" sc="1" el="660" ec="2" bec="0" bev="0" fileid="4" />
                <SequencePoint vc="2" uspid="661" ordinal="1" sl="661" sc="1" el="661" ec="2" bec="0" bev="0" fileid="4" />
                <SequencePoint vc="2" uspid="662" ordinal="2" sl="662" sc="1" el="662" ec="2" bec="0" bev="0" fileid="4" />
                <SequencePoint vc="2" uspid="663" ordinal="3" sl="663" sc="1" el="663" ec="2" bec="0" bev="0" fileid="4" />
                <SequencePoint vc="2" uspid="664" ordinal="4" sl="664" sc="1" el="664" ec="2" bec="0" bev="0" fileid="4" />
                <SequencePoint vc="4" uspid="665" ordinal="5" sl="665" sc="1" el="665" ec="2" bec="2" bev="2" fileid="4" />
                <SequencePoint vc="2" uspid="667" ordinal="6" sl="667" sc="1" el="667" ec="2" bec="2" bev="2" fileid="4" />
                <SequencePoint vc="1" uspid="668" ordinal="7" sl="668" sc="1" el="668" ec="2" bec="0" bev="0" fileid="4" />
                <SequencePoint vc="1" uspid="669" ordinal="8" sl="669" sc="1" el="669" ec="2" bec="0" bev="0" fileid="4" />
                <SequencePoint vc="1" uspid="670" ordinal="9" sl="670" sc="1" el="670" ec="2" bec="0" bev="0" fileid="4" />
                <SequencePoint vc="1" uspid="671" ordinal="10" sl="671" sc="1" el="671" ec="2" bec="0" bev="0" fileid="4" />
                <SequencePoint vc="1" uspid="672" ordinal="11" sl="672" sc="1" el="672" ec="2" bec="0" bev="0" fileid="4" />
                <SequencePoint vc="1" uspid="674" ordinal="12" sl="674" sc="1" el="674" ec="2" bec="0" bev="0" fileid="4" />
                <SequencePoint vc="1" uspid="675" ordinal="13" sl="675" sc="1" el="675" ec="2" bec="0" bev="0" fileid="4" />
                <SequencePoint vc="1" uspid="677" ordinal="14" sl="677" sc="1" el="677" ec="2" bec="0" bev="0" fileid="4" />
                <SequencePoint vc="1" uspid="678" ordinal="15" sl="678" sc="1" el="678" ec="2" bec="0" bev="0" fileid="4" />
                <SequencePoint vc="1" uspid="680" ordinal="16" sl="680" sc="1" el="680" ec="2" bec="0" bev="0" fileid="4" />
                <SequencePoint vc="1" uspid="681" ordinal="17" sl="681" sc="1" el="681" ec="2" bec="0" bev="0" fileid="4" />
                <SequencePoint vc="2" uspid="682" ordinal="18" sl="682" sc="1" el="682" ec="2" bec="0" bev="0" fileid="4" />
              </SequencePoints>
              <BranchPoints>
                <BranchPoint vc="1" uspid="667" ordinal="0" path="0" offset="55" offsetend="57" sl="667" fileid="4" />
                <BranchPoint vc="1" uspid="667" ordinal="1" path="1" offset="55" offsetend="158" sl="667" fileid="4" />
                <BranchPoint vc="1" uspid="665" ordinal="0" path="0" offset="6" offsetend="8" sl="665" fileid="4" />
                <BranchPoint vc="1" uspid="665" ordinal="1" path="1" offset="6" offsetend="31" sl="665" fileid="4" />
              </BranchPoints>
              <MethodPoint vc="19" uspid="0" p8:type="SequencePoint" ordinal="14" offset="14" sc="0" sl="660" ec="1" el="682" bec="0" bev="0" fileid="4" xmlns:p8="xsi" />
            </Method>
          </Methods>
        </Class>
      </Classes>
    </Module>
    <Module hash="64EBC1CC-A741-4CFA-B5C1-1E549EA230A7">
      <ModulePath>Fluorite.Strainer.dll</ModulePath>
      <ModuleTime>2021-10-05T09:33:29</ModuleTime>
      <ModuleName>Fluorite.Strainer</ModuleName>
      <Files>
        <File uid="5" fullPath="C:\Users\Piotr\Documents\Visual Studio 2019\Projects\fluorite\strainer\src\Strainer\Extensions\DictionaryExtensions.cs" />
        <File uid="6" fullPath="C:\Users\Piotr\Documents\Visual Studio 2019\Projects\fluorite\strainer\src\Strainer\Extensions\EnumerableExtensions.cs" />
        <File uid="7" fullPath="C:\Users\Piotr\Documents\Visual Studio 2019\Projects\fluorite\strainer\src\Strainer\Extensions\SortExpressionQuerableExtensions.cs" />
        <File uid="8" fullPath="C:\Users\Piotr\Documents\Visual Studio 2019\Projects\fluorite\strainer\src\Strainer\Extensions\StrainerProcessorQueryableExtensions.cs" />
        <File uid="9" fullPath="C:\Users\Piotr\Documents\Visual Studio 2019\Projects\fluorite\strainer\src\Strainer\Extensions\StringExtensions.cs" />
        <File uid="10" fullPath="C:\Users\Piotr\Documents\Visual Studio 2019\Projects\fluorite\strainer\src\Strainer\Services\StrainerContext.cs" />
        <File uid="11" fullPath="C:\Users\Piotr\Documents\Visual Studio 2019\Projects\fluorite\strainer\src\Strainer\Services\StrainerProcessor.cs" />
        <File uid="12" fullPath="C:\Users\Piotr\Documents\Visual Studio 2019\Projects\fluorite\strainer\src\Strainer\Services\Sorting\CustomSortMethodBuilder.cs" />
        <File uid="13" fullPath="C:\Users\Piotr\Documents\Visual Studio 2019\Projects\fluorite\strainer\src\Strainer\Services\Sorting\CustomSortMethodMapper.cs" />
        <File uid="14" fullPath="C:\Users\Piotr\Documents\Visual Studio 2019\Projects\fluorite\strainer\src\Strainer\Services\Sorting\DescendingPrefixSortingWayFormatter.cs" />
        <File uid="15" fullPath="C:\Users\Piotr\Documents\Visual Studio 2019\Projects\fluorite\strainer\src\Strainer\Services\Sorting\SortExpressionProvider.cs" />
        <File uid="16" fullPath="C:\Users\Piotr\Documents\Visual Studio 2019\Projects\fluorite\strainer\src\Strainer\Services\Sorting\SortExpressionValidator.cs" />
        <File uid="17" fullPath="C:\Users\Piotr\Documents\Visual Studio 2019\Projects\fluorite\strainer\src\Strainer\Services\Sorting\SortingContext.cs" />
        <File uid="18" fullPath="C:\Users\Piotr\Documents\Visual Studio 2019\Projects\fluorite\strainer\src\Strainer\Services\Sorting\SortPropertyMetadataBuilder.cs" />
        <File uid="19" fullPath="C:\Users\Piotr\Documents\Visual Studio 2019\Projects\fluorite\strainer\src\Strainer\Services\Sorting\SortTermParser.cs" />
        <File uid="20" fullPath="C:\Users\Piotr\Documents\Visual Studio 2019\Projects\fluorite\strainer\src\Strainer\Services\Sorting\SuffixSortingWayFormatter.cs" />
        <File uid="21" fullPath="C:\Users\Piotr\Documents\Visual Studio 2019\Projects\fluorite\strainer\src\Strainer\Services\Modules\StrainerModule.cs" />
        <File uid="22" fullPath="C:\Users\Piotr\Documents\Visual Studio 2019\Projects\fluorite\strainer\src\Strainer\Services\Modules\StrainerModuleBuilder.cs" />
        <File uid="23" fullPath="C:\Users\Piotr\Documents\Visual Studio 2019\Projects\fluorite\strainer\src\Strainer\Services\Modules\StrainerModuleBuilder{T}.cs" />
        <File uid="24" fullPath="C:\Users\Piotr\Documents\Visual Studio 2019\Projects\fluorite\strainer\src\Strainer\Services\Modules\StrainerModule{T}.cs" />
        <File uid="25" fullPath="C:\Users\Piotr\Documents\Visual Studio 2019\Projects\fluorite\strainer\src\Strainer\Services\Metadata\AttributeMetadataProvider.cs" />
        <File uid="26" fullPath="C:\Users\Piotr\Documents\Visual Studio 2019\Projects\fluorite\strainer\src\Strainer\Services\Metadata\FluentApiMetadataProvider.cs" />
        <File uid="27" fullPath="C:\Users\Piotr\Documents\Visual Studio 2019\Projects\fluorite\strainer\src\Strainer\Services\Metadata\MetadataFacade.cs" />
        <File uid="28" fullPath="C:\Users\Piotr\Documents\Visual Studio 2019\Projects\fluorite\strainer\src\Strainer\Services\Metadata\MetadataMapper.cs" />
        <File uid="29" fullPath="C:\Users\Piotr\Documents\Visual Studio 2019\Projects\fluorite\strainer\src\Strainer\Services\Metadata\ObjectMetadataBuilder.cs" />
        <File uid="30" fullPath="C:\Users\Piotr\Documents\Visual Studio 2019\Projects\fluorite\strainer\src\Strainer\Services\Metadata\PropertyInfoProvider.cs" />
        <File uid="31" fullPath="C:\Users\Piotr\Documents\Visual Studio 2019\Projects\fluorite\strainer\src\Strainer\Services\Metadata\PropertyMetadataBuilder.cs" />
        <File uid="32" fullPath="C:\Users\Piotr\Documents\Visual Studio 2019\Projects\fluorite\strainer\src\Strainer\Services\Filtering\ConfigurationFilterOperatorsProvider.cs" />
        <File uid="33" fullPath="C:\Users\Piotr\Documents\Visual Studio 2019\Projects\fluorite\strainer\src\Strainer\Services\Filtering\CustomFilterMethodBuilder.cs" />
        <File uid="34" fullPath="C:\Users\Piotr\Documents\Visual Studio 2019\Projects\fluorite\strainer\src\Strainer\Services\Filtering\CustomFilterMethodMapper.cs" />
        <File uid="35" fullPath="C:\Users\Piotr\Documents\Visual Studio 2019\Projects\fluorite\strainer\src\Strainer\Services\Filtering\FilterContext.cs" />
        <File uid="36" fullPath="C:\Users\Piotr\Documents\Visual Studio 2019\Projects\fluorite\strainer\src\Strainer\Services\Filtering\FilterExpressionProvider.cs" />
        <File uid="37" fullPath="C:\Users\Piotr\Documents\Visual Studio 2019\Projects\fluorite\strainer\src\Strainer\Services\Filtering\FilterOperatorBuilder.cs" />
        <File uid="38" fullPath="C:\Users\Piotr\Documents\Visual Studio 2019\Projects\fluorite\strainer\src\Strainer\Services\Filtering\FilterOperatorMapper.cs" />
        <File uid="39" fullPath="C:\Users\Piotr\Documents\Visual Studio 2019\Projects\fluorite\strainer\src\Strainer\Services\Filtering\FilterOperatorParser.cs" />
        <File uid="40" fullPath="C:\Users\Piotr\Documents\Visual Studio 2019\Projects\fluorite\strainer\src\Strainer\Services\Filtering\FilterOperatorValidator.cs" />
        <File uid="41" fullPath="C:\Users\Piotr\Documents\Visual Studio 2019\Projects\fluorite\strainer\src\Strainer\Services\Filtering\FilterTermParser.cs" />
        <File uid="42" fullPath="C:\Users\Piotr\Documents\Visual Studio 2019\Projects\fluorite\strainer\src\Strainer\Services\Configuration\ConfigurationCustomMethodsProvider.cs" />
        <File uid="43" fullPath="C:\Users\Piotr\Documents\Visual Studio 2019\Projects\fluorite\strainer\src\Strainer\Services\Configuration\StrainerConfigurationProvider.cs" />
        <File uid="44" fullPath="C:\Users\Piotr\Documents\Visual Studio 2019\Projects\fluorite\strainer\src\Strainer\Services\Metadata\ConfigurationMetadataProvider.cs" />
        <File uid="45" fullPath="C:\Users\Piotr\Documents\Visual Studio 2019\Projects\fluorite\strainer\src\Strainer\Models\StrainerModel.cs" />
        <File uid="46" fullPath="C:\Users\Piotr\Documents\Visual Studio 2019\Projects\fluorite\strainer\src\Strainer\Models\StrainerOptions.cs" />
        <File uid="47" fullPath="C:\Users\Piotr\Documents\Visual Studio 2019\Projects\fluorite\strainer\src\Strainer\Models\Sorting\CustomSortMethod.cs" />
        <File uid="48" fullPath="C:\Users\Piotr\Documents\Visual Studio 2019\Projects\fluorite\strainer\src\Strainer\Models\Sorting\CustomSortMethod{T}.cs" />
        <File uid="49" fullPath="C:\Users\Piotr\Documents\Visual Studio 2019\Projects\fluorite\strainer\src\Strainer\Models\Sorting\SortExpression.cs" />
        <File uid="50" fullPath="C:\Users\Piotr\Documents\Visual Studio 2019\Projects\fluorite\strainer\src\Strainer\Models\Sorting\SortExpression{T}.cs" />
        <File uid="51" fullPath="C:\Users\Piotr\Documents\Visual Studio 2019\Projects\fluorite\strainer\src\Strainer\Models\Sorting\Terms\SortTerm.cs" />
        <File uid="52" fullPath="C:\Users\Piotr\Documents\Visual Studio 2019\Projects\fluorite\strainer\src\Strainer\Models\Metadata\ObjectMetadata.cs" />
        <File uid="53" fullPath="C:\Users\Piotr\Documents\Visual Studio 2019\Projects\fluorite\strainer\src\Strainer\Models\Metadata\PropertyMetadata.cs" />
        <File uid="54" fullPath="C:\Users\Piotr\Documents\Visual Studio 2019\Projects\fluorite\strainer\src\Strainer\Models\Filtering\CustomFilterMethod.cs" />
        <File uid="55" fullPath="C:\Users\Piotr\Documents\Visual Studio 2019\Projects\fluorite\strainer\src\Strainer\Models\Filtering\CustomFilterMethod{T}.cs" />
        <File uid="56" fullPath="C:\Users\Piotr\Documents\Visual Studio 2019\Projects\fluorite\strainer\src\Strainer\Models\Filtering\Terms\FilterTerm.cs" />
        <File uid="57" fullPath="C:\Users\Piotr\Documents\Visual Studio 2019\Projects\fluorite\strainer\src\Strainer\Models\Filtering\Operators\FilterExpressionContext.cs" />
        <File uid="58" fullPath="C:\Users\Piotr\Documents\Visual Studio 2019\Projects\fluorite\strainer\src\Strainer\Models\Filtering\Operators\FilterOperator.cs" />
        <File uid="59" fullPath="C:\Users\Piotr\Documents\Visual Studio 2019\Projects\fluorite\strainer\src\Strainer\Models\Configuration\StrainerConfiguration.cs" />
        <File uid="60" fullPath="C:\Users\Piotr\Documents\Visual Studio 2019\Projects\fluorite\strainer\src\Strainer\Exceptions\StrainerConversionException.cs" />
        <File uid="61" fullPath="C:\Users\Piotr\Documents\Visual Studio 2019\Projects\fluorite\strainer\src\Strainer\Exceptions\StrainerException.cs" />
        <File uid="62" fullPath="C:\Users\Piotr\Documents\Visual Studio 2019\Projects\fluorite\strainer\src\Strainer\Exceptions\StrainerMethodNotFoundException.cs" />
        <File uid="63" fullPath="C:\Users\Piotr\Documents\Visual Studio 2019\Projects\fluorite\strainer\src\Strainer\Exceptions\StrainerSortExpressionValidatorException.cs" />
[...]
              <FileRef uid="64" />
              <SequencePoints>
                <SequencePoint vc="0" uspid="45" ordinal="0" sl="45" sc="1" el="45" ec="2" bec="0" bev="0" fileid="64" />
                <SequencePoint vc="0" uspid="46" ordinal="1" sl="46" sc="1" el="46" ec="2" bec="0" bev="0" fileid="64" />
                <SequencePoint vc="0" uspid="48" ordinal="2" sl="48" sc="1" el="48" ec="2" bec="0" bev="0" fileid="64" />
              </SequencePoints>
              <BranchPoints />
              <MethodPoint vc="0" uspid="0" p8:type="SequencePoint" ordinal="6" offset="6" sc="0" sl="45" ec="1" el="48" bec="0" bev="0" fileid="64" xmlns:p8="xsi" />
            </Method>
          </Methods>
        </Class>
        <Class>
          <Summary numSequencePoints="19" visitedSequencePoints="9" numBranchPoints="2" visitedBranchPoints="1" sequenceCoverage="47.36" branchCoverage="50" maxCyclomaticComplexity="2" minCyclomaticComplexity="1" visitedClasses="1" numClasses="1" visitedMethods="5" numMethods="7" />
          <FullName>Fluorite.Strainer.Attributes.StrainerObjectAttribute</FullName>
          <Methods>
            <Method cyclomaticComplexity="1" nPathComplexity="1" sequenceCoverage="100" branchCoverage="100" isConstructor="False" isGetter="True" isSetter="False" isStatic="True">
              <Summary numSequencePoints="1" visitedSequencePoints="1" numBranchPoints="0" visitedBranchPoints="0" sequenceCoverage="100" branchCoverage="100" maxCyclomaticComplexity="1" minCyclomaticComplexity="1" visitedClasses="0" numClasses="0" visitedMethods="1" numMethods="1" />
              <MetadataToken />
              <Name>System.String Fluorite.Strainer.Attributes.StrainerObjectAttribute::get_DefaultSortingPropertyName()</Name>
              <FileRef uid="65" />
              <SequencePoints>
                <SequencePoint vc="6" uspid="61" ordinal="0" sl="61" sc="1" el="61" ec="2" bec="0" bev="0" fileid="65" />
              </SequencePoints>
              <BranchPoints />
              <MethodPoint vc="1" uspid="0" p8:type="SequencePoint" ordinal="0" offset="0" sc="0" sl="61" ec="1" el="61" bec="0" bev="0" fileid="65" xmlns:p8="xsi" />
            </Method>
            <Method cyclomaticComplexity="1" nPathComplexity="1" sequenceCoverage="100" branchCoverage="100" isConstructor="False" isGetter="True" isSetter="False" isStatic="True">
              <Summary numSequencePoints="1" visitedSequencePoints="1" numBranchPoints="0" visitedBranchPoints="0" sequenceCoverage="100" branchCoverage="100" maxCyclomaticComplexity="1" minCyclomaticComplexity="1" visitedClasses="0" numClasses="0" visitedMethods="1" numMethods="1" />
              <MetadataToken />
              <Name>System.Boolean Fluorite.Strainer.Attributes.StrainerObjectAttribute::get_IsDefaultSortingDescending()</Name>
              <FileRef uid="65" />
              <SequencePoints>
                <SequencePoint vc="8" uspid="69" ordinal="0" sl="69" sc="1" el="69" ec="2" bec="0" bev="0" fileid="65" />
              </SequencePoints>
              <BranchPoints />
              <MethodPoint vc="1" uspid="0" p8:type="SequencePoint" ordinal="1" offset="1" sc="0" sl="69" ec="1" el="69" bec="0" bev="0" fileid="65" xmlns:p8="xsi" />
            </Method>
            <Method cyclomaticComplexity="1" nPathComplexity="1" sequenceCoverage="100" branchCoverage="100" isConstructor="False" isGetter="True" isSetter="False" isStatic="True">
              <Summary numSequencePoints="1" visitedSequencePoints="1" numBranchPoints="0" visitedBranchPoints="0" sequenceCoverage="100" branchCoverage="100" maxCyclomaticComplexity="1" minCyclomaticComplexity="1" visitedClasses="0" numClasses="0" visitedMethods="1" numMethods="1" />
              <MetadataToken />
              <Name>System.Boolean Fluorite.Strainer.Attributes.StrainerObjectAttribute::get_IsFilterable()</Name>
              <FileRef uid="65" />
              <SequencePoints>
                <SequencePoint vc="9" uspid="77" ordinal="0" sl="77" sc="1" el="77" ec="2" bec="0" bev="0" fileid="65" />
              </SequencePoints>
              <BranchPoints />
              <MethodPoint vc="1" uspid="0" p8:type="SequencePoint" ordinal="2" offset="2" sc="0" sl="77" ec="1" el="77" bec="0" bev="0" fileid="65" xmlns:p8="xsi" />
            </Method>
            <Method cyclomaticComplexity="1" nPathComplexity="1" sequenceCoverage="100" branchCoverage="100" isConstructor="False" isGetter="True" isSetter="False" isStatic="True">
              <Summary numSequencePoints="1" visitedSequencePoints="1" numBranchPoints="0" visitedBranchPoints="0" sequenceCoverage="100" branchCoverage="100" maxCyclomaticComplexity="1" minCyclomaticComplexity="1" visitedClasses="0" numClasses="0" visitedMethods="1" numMethods="1" />
              <MetadataToken />
              <Name>System.Boolean Fluorite.Strainer.Attributes.StrainerObjectAttribute::get_IsSortable()</Name>
              <FileRef uid="65" />
              <SequencePoints>
                <SequencePoint vc="9" uspid="85" ordinal="0" sl="85" sc="1" el="85" ec="2" bec="0" bev="0" fileid="65" />
              </SequencePoints>
              <BranchPoints />
              <MethodPoint vc="1" uspid="0" p8:type="SequencePoint" ordinal="3" offset="3" sc="0" sl="85" ec="1" el="85" bec="0" bev="0" fileid="65" xmlns:p8="xsi" />
            </Method>
            <Method cyclomaticComplexity="1" nPathComplexity="1" sequenceCoverage="0" branchCoverage="100" isConstructor="False" isGetter="True" isSetter="False" isStatic="True">
              <Summary numSequencePoints="1" visitedSequencePoints="0" numBranchPoints="0" visitedBranchPoints="0" sequenceCoverage="0" branchCoverage="100" maxCyclomaticComplexity="1" minCyclomaticComplexity="1" visitedClasses="0" numClasses="0" visitedMethods="0" numMethods="1" />
              <MetadataToken />
              <Name>System.Reflection.PropertyInfo Fluorite.Strainer.Attributes.StrainerObjectAttribute::get_DefaultSortingPropertyInfo()</Name>
              <FileRef uid="65" />
              <SequencePoints>
                <SequencePoint vc="0" uspid="90" ordinal="0" sl="90" sc="1" el="90" ec="2" bec="0" bev="0" fileid="65" />
              </SequencePoints>
              <BranchPoints />
              <MethodPoint vc="0" uspid="0" p8:type="SequencePoint" ordinal="4" offset="4" sc="0" sl="90" ec="1" el="90" bec="0" bev="0" fileid="65" xmlns:p8="xsi" />
            </Method>
            <Method cyclomaticComplexity="2" nPathComplexity="2" sequenceCoverage="50" branchCoverage="50" isConstructor="True" isGetter="False" isSetter="False" isStatic="True">
              <Summary numSequencePoints="10" visitedSequencePoints="5" numBranchPoints="2" visitedBranchPoints="1" sequenceCoverage="50" branchCoverage="50" maxCyclomaticComplexity="2" minCyclomaticComplexity="2" visitedClasses="0" numClasses="0" visitedMethods="1" numMethods="1" />
              <MetadataToken />
              <Name>System.Void Fluorite.Strainer.Attributes.StrainerObjectAttribute::.ctor(System.String)</Name>
              <FileRef uid="65" />
              <SequencePoints>
                <SequencePoint vc="3" uspid="25" ordinal="0" sl="25" sc="1" el="25" ec="2" bec="0" bev="0" fileid="65" />
                <SequencePoint vc="3" uspid="26" ordinal="1" sl="26" sc="1" el="26" ec="2" bec="0" bev="0" fileid="65" />
                <SequencePoint vc="3" uspid="27" ordinal="2" sl="27" sc="1" el="27" ec="2" bec="2" bev="1" fileid="65" />
                <SequencePoint vc="0" uspid="28" ordinal="3" sl="28" sc="1" el="28" ec="2" bec="0" bev="0" fileid="65" />
                <SequencePoint vc="0" uspid="29" ordinal="4" sl="29" sc="1" el="29" ec="2" bec="0" bev="0" fileid="65" />
                <SequencePoint vc="0" uspid="30" ordinal="5" sl="30" sc="1" el="30" ec="2" bec="0" bev="0" fileid="65" />
                <SequencePoint vc="0" uspid="31" ordinal="6" sl="31" sc="1" el="31" ec="2" bec="0" bev="0" fileid="65" />
                <SequencePoint vc="0" uspid="32" ordinal="7" sl="32" sc="1" el="32" ec="2" bec="0" bev="0" fileid="65" />
                <SequencePoint vc="3" uspid="35" ordinal="8" sl="35" sc="1" el="35" ec="2" bec="0" bev="0" fileid="65" />
                <SequencePoint vc="3" uspid="36" ordinal="9" sl="36" sc="1" el="36" ec="2" bec="0" bev="0" fileid="65" />
              </SequencePoints>
              <BranchPoints>
                <BranchPoint vc="0" uspid="27" ordinal="0" path="0" offset="37" offsetend="39" sl="27" fileid="65" />
                <BranchPoint vc="3" uspid="27" ordinal="1" path="1" offset="37" offsetend="56" sl="27" fileid="65" />
              </BranchPoints>
              <MethodPoint vc="5" uspid="0" p8:type="SequencePoint" ordinal="5" offset="5" sc="0" sl="25" ec="1" el="36" bec="0" bev="0" fileid="65" xmlns:p8="xsi" />
            </Method>
            <Method cyclomaticComplexity="1" nPathComplexity="1" sequenceCoverage="0" branchCoverage="100" isConstructor="True" isGetter="False" isSetter="False" isStatic="True">
              <Summary numSequencePoints="4" visitedSequencePoints="0" numBranchPoints="0" visitedBranchPoints="0" sequenceCoverage="0" branchCoverage="100" maxCyclomaticComplexity="1" minCyclomaticComplexity="1" visitedClasses="0" numClasses="0" visitedMethods="0" numMethods="1" />
              <MetadataToken />
              <Name>System.Void Fluorite.Strainer.Attributes.StrainerObjectAttribute::.ctor(System.String,System.Boolean)</Name>
              <FileRef uid="65" />
              <SequencePoints>
                <SequencePoint vc="0" uspid="53" ordinal="0" sl="53" sc="1" el="53" ec="2" bec="0" bev="0" fileid="65" />
                <SequencePoint vc="0" uspid="54" ordinal="1" sl="54" sc="1" el="54" ec="2" bec="0" bev="0" fileid="65" />
                <SequencePoint vc="0" uspid="55" ordinal="2" sl="55" sc="1" el="55" ec="2" bec="0" bev="0" fileid="65" />
                <SequencePoint vc="0" uspid="56" ordinal="3" sl="56" sc="1" el="56" ec="2" bec="0" bev="0" fileid="65" />
              </SequencePoints>
              <BranchPoints />
              <MethodPoint vc="0" uspid="0" p8:type="SequencePoint" ordinal="6" offset="6" sc="0" sl="53" ec="1" el="56" bec="0" bev="0" fileid="65" xmlns:p8="xsi" />
            </Method>
          </Methods>
        </Class>
        <Class>
          <Summary numSequencePoints="10" visitedSequencePoints="10" numBranchPoints="2" visitedBranchPoints="2" sequenceCoverage="100" branchCoverage="100" maxCyclomaticComplexity="2" minCyclomaticComplexity="1" visitedClasses="1" numClasses="1" visitedMethods="8" numMethods="8" />
          <FullName>Fluorite.Strainer.Attributes.StrainerPropertyAttribute</FullName>
          <Methods>
            <Method cyclomaticComplexity="1" nPathComplexity="1" sequenceCoverage="100" branchCoverage="100" isConstructor="False" isGetter="True" isSetter="False" isStatic="True">
              <Summary numSequencePoints="1" visitedSequencePoints="1" numBranchPoints="0" visitedBranchPoints="0" sequenceCoverage="100" branchCoverage="100" maxCyclomaticComplexity="1" minCyclomaticComplexity="1" visitedClasses="0" numClasses="0" visitedMethods="1" numMethods="1" />
              <MetadataToken />
              <Name>System.String Fluorite.Strainer.Attributes.StrainerPropertyAttribute::get_DisplayName()</Name>
              <FileRef uid="66" />
              <SequencePoints>
                <SequencePoint vc="6" uspid="25" ordinal="0" sl="25" sc="1" el="25" ec="2" bec="0" bev="0" fileid="66" />
              </SequencePoints>
              <BranchPoints />
              <MethodPoint vc="1" uspid="0" p8:type="SequencePoint" ordinal="0" offset="0" sc="0" sl="25" ec="1" el="25" bec="0" bev="0" fileid="66" xmlns:p8="xsi" />
            </Method>
            <Method cyclomaticComplexity="1" nPathComplexity="1" sequenceCoverage="100" branchCoverage="100" isConstructor="False" isGetter="True" isSetter="False" isStatic="True">
              <Summary numSequencePoints="1" visitedSequencePoints="1" numBranchPoints="0" visitedBranchPoints="0" sequenceCoverage="100" branchCoverage="100" maxCyclomaticComplexity="1" minCyclomaticComplexity="1" visitedClasses="0" numClasses="0" visitedMethods="1" numMethods="1" />
              <MetadataToken />
              <Name>System.Boolean Fluorite.Strainer.Attributes.StrainerPropertyAttribute::get_IsDefaultSorting()</Name>
              <FileRef uid="66" />
              <SequencePoints>
                <SequencePoint vc="11" uspid="37" ordinal="0" sl="37" sc="1" el="37" ec="2" bec="0" bev="0" fileid="66" />
              </SequencePoints>
              <BranchPoints />
              <MethodPoint vc="1" uspid="0" p8:type="SequencePoint" ordinal="1" offset="1" sc="0" sl="37" ec="1" el="37" bec="0" bev="0" fileid="66" xmlns:p8="xsi" />
            </Method>
            <Method cyclomaticComplexity="1" nPathComplexity="1" sequenceCoverage="100" branchCoverage="100" isConstructor="False" isGetter="True" isSetter="False" isStatic="True">
              <Summary numSequencePoints="1" visitedSequencePoints="1" numBranchPoints="0" visitedBranchPoints="0" sequenceCoverage="100" branchCoverage="100" maxCyclomaticComplexity="1" minCyclomaticComplexity="1" visitedClasses="0" numClasses="0" visitedMethods="1" numMethods="1" />
              <MetadataToken />
              <Name>System.Boolean Fluorite.Strainer.Attributes.StrainerPropertyAttribute::get_IsDefaultSortingDescending()</Name>
              <FileRef uid="66" />
              <SequencePoints>
                <SequencePoint vc="11" uspid="45" ordinal="0" sl="45" sc="1" el="45" ec="2" bec="0" bev="0" fileid="66" />
              </SequencePoints>
              <BranchPoints />
              <MethodPoint vc="1" uspid="0" p8:type="SequencePoint" ordinal="2" offset="2" sc="0" sl="45" ec="1" el="45" bec="0" bev="0" fileid="66" xmlns:p8="xsi" />
            </Method>
            <Method cyclomaticComplexity="1" nPathComplexity="1" sequenceCoverage="100" branchCoverage="100" isConstructor="False" isGetter="True" isSetter="False" isStatic="True">
              <Summary numSequencePoints="1" visitedSequencePoints="1" numBranchPoints="0" visitedBranchPoints="0" sequenceCoverage="100" branchCoverage="100" maxCyclomaticComplexity="1" minCyclomaticComplexity="1" visitedClasses="0" numClasses="0" visitedMethods="1" numMethods="1" />
              <MetadataToken />
              <Name>System.Boolean Fluorite.Strainer.Attributes.StrainerPropertyAttribute::get_IsFilterable()</Name>
              <FileRef uid="66" />
              <SequencePoints>
                <SequencePoint vc="16" uspid="53" ordinal="0" sl="53" sc="1" el="53" ec="2" bec="0" bev="0" fileid="66" />
              </SequencePoints>
              <BranchPoints />
              <MethodPoint vc="1" uspid="0" p8:type="SequencePoint" ordinal="3" offset="3" sc="0" sl="53" ec="1" el="53" bec="0" bev="0" fileid="66" xmlns:p8="xsi" />
            </Method>
            <Method cyclomaticComplexity="1" nPathComplexity="1" sequenceCoverage="100" branchCoverage="100" isConstructor="False" isGetter="True" isSetter="False" isStatic="True">
              <Summary numSequencePoints="1" visitedSequencePoints="1" numBranchPoints="0" visitedBranchPoints="0" sequenceCoverage="100" branchCoverage="100" maxCyclomaticComplexity="1" minCyclomaticComplexity="1" visitedClasses="0" numClasses="0" visitedMethods="1" numMethods="1" />
              <MetadataToken />
              <Name>System.Boolean Fluorite.Strainer.Attributes.StrainerPropertyAttribute::get_IsSortable()</Name>
              <FileRef uid="66" />
              <SequencePoints>
                <SequencePoint vc="19" uspid="61" ordinal="0" sl="61" sc="1" el="61" ec="2" bec="0" bev="0" fileid="66" />
              </SequencePoints>
              <BranchPoints />
              <MethodPoint vc="1" uspid="0" p8:type="SequencePoint" ordinal="4" offset="4" sc="0" sl="61" ec="1" el="61" bec="0" bev="0" fileid="66" xmlns:p8="xsi" />
            </Method>
            <Method cyclomaticComplexity="2" nPathComplexity="2" sequenceCoverage="100" branchCoverage="100" isConstructor="False" isGetter="True" isSetter="False" isStatic="True">
              <Summary numSequencePoints="1" visitedSequencePoints="1" numBranchPoints="2" visitedBranchPoints="2" sequenceCoverage="100" branchCoverage="100" maxCyclomaticComplexity="2" minCyclomaticComplexity="2" visitedClasses="0" numClasses="0" visitedMethods="1" numMethods="1" />
              <MetadataToken />
              <Name>System.String Fluorite.Strainer.Attributes.StrainerPropertyAttribute::get_Name()</Name>
              <FileRef uid="66" />
              <SequencePoints>
                <SequencePoint vc="8" uspid="66" ordinal="0" sl="66" sc="1" el="66" ec="2" bec="2" bev="2" fileid="66" />
              </SequencePoints>
              <BranchPoints>
                <BranchPoint vc="6" uspid="66" ordinal="0" path="0" offset="7" offsetend="9" sl="66" fileid="66" />
                <BranchPoint vc="2" uspid="66" ordinal="1" path="1" offset="7" offsetend="13" sl="66" fileid="66" />
              </BranchPoints>
              <MethodPoint vc="1" uspid="0" p8:type="SequencePoint" ordinal="5" offset="5" sc="0" sl="66" ec="1" el="66" bec="0" bev="0" fileid="66" xmlns:p8="xsi" />
            </Method>
            <Method cyclomaticComplexity="1" nPathComplexity="1" sequenceCoverage="100" branchCoverage="100" isConstructor="False" isGetter="True" isSetter="False" isStatic="True">
              <Summary numSequencePoints="1" visitedSequencePoints="1" numBranchPoints="0" visitedBranchPoints="0" sequenceCoverage="100" branchCoverage="100" maxCyclomaticComplexity="1" minCyclomaticComplexity="1" visitedClasses="0" numClasses="0" visitedMethods="1" numMethods="1" />
              <MetadataToken />
              <Name>System.Reflection.PropertyInfo Fluorite.Strainer.Attributes.StrainerPropertyAttribute::get_PropertyInfo()</Name>
              <FileRef uid="66" />
              <SequencePoints>
                <SequencePoint vc="22" uspid="72" ordinal="0" sl="72" sc="1" el="72" ec="2" bec="0" bev="0" fileid="66" />
              </SequencePoints>
              <BranchPoints />
              <MethodPoint vc="1" uspid="0" p8:type="SequencePoint" ordinal="6" offset="6" sc="0" sl="72" ec="1" el="72" bec="0" bev="0" fileid="66" xmlns:p8="xsi" />
            </Method>
            <Method cyclomaticComplexity="1" nPathComplexity="1" sequenceCoverage="100" branchCoverage="100" isConstructor="True" isGetter="False" isSetter="False" isStatic="True">
              <Summary numSequencePoints="3" visitedSequencePoints="3" numBranchPoints="0" visitedBranchPoints="0" sequenceCoverage="100" branchCoverage="100" maxCyclomaticComplexity="1" minCyclomaticComplexity="1" visitedClasses="0" numClasses="0" visitedMethods="1" numMethods="1" />
              <MetadataToken />
              <Name>System.Void Fluorite.Strainer.Attributes.StrainerPropertyAttribute::.ctor()</Name>
              <FileRef uid="66" />
              <SequencePoints>
                <SequencePoint vc="11" uspid="17" ordinal="0" sl="17" sc="1" el="17" ec="2" bec="0" bev="0" fileid="66" />
                <SequencePoint vc="11" uspid="18" ordinal="1" sl="18" sc="1" el="18" ec="2" bec="0" bev="0" fileid="66" />
                <SequencePoint vc="11" uspid="20" ordinal="2" sl="20" sc="1" el="20" ec="2" bec="0" bev="0" fileid="66" />
              </SequencePoints>
              <BranchPoints />
              <MethodPoint vc="3" uspid="0" p8:type="SequencePoint" ordinal="7" offset="7" sc="0" sl="17" ec="1" el="20" bec="0" bev="0" fileid="66" xmlns:p8="xsi" />
            </Method>
          </Methods>
        </Class>
      </Classes>
    </Module>
  </Modules>
</CoverageSession>